[1.298s] DEBUG:colcon:Command line arguments: ['/usr/bin/colcon', 'build', '--parallel-workers', '4']
[1.298s] DEBUG:colcon:Parsed command line arguments: Namespace(ament_cmake_args=None, base_paths=['.'], build_base='build', catkin_cmake_args=None, catkin_skip_building_tests=False, cmake_args=None, cmake_clean_cache=False, cmake_clean_first=False, cmake_force_configure=False, cmake_target=None, cmake_target_skip_unavailable=False, continue_on_error=False, event_handlers=None, executor='parallel', ignore_user_meta=False, install_base='install', log_base=None, log_level=None, main=<bound method BuildVerb.main of <colcon_core.verb.build.BuildVerb object at 0xffffa3cc28b0>>, merge_install=False, metas=['./colcon.meta'], packages_above=None, packages_above_and_dependencies=None, packages_above_depth=None, packages_end=None, packages_ignore=None, packages_ignore_regex=None, packages_select=None, packages_select_build_failed=False, packages_select_by_dep=None, packages_select_regex=None, packages_select_test_failures=False, packages_skip=None, packages_skip_build_finished=False, packages_skip_by_dep=None, packages_skip_regex=None, packages_skip_test_passed=False, packages_skip_up_to=None, packages_start=None, packages_up_to=None, packages_up_to_regex=None, parallel_workers=4, paths=None, symlink_install=False, test_result_base=None, verb_extension=<colcon_core.verb.build.BuildVerb object at 0xffffa3cc28b0>, verb_name='build', verb_parser=<colcon_defaults.argument_parser.defaults.DefaultArgumentsDecorator object at 0xffffa3cc2e20>)
[1.320s] Level 1:colcon.colcon_core.package_discovery:discover_packages(colcon_meta) check parameters
[1.321s] Level 1:colcon.colcon_core.package_discovery:discover_packages(recursive) check parameters
[1.321s] Level 1:colcon.colcon_core.package_discovery:discover_packages(ignore) check parameters
[1.321s] Level 1:colcon.colcon_core.package_discovery:discover_packages(path) check parameters
[1.321s] Level 1:colcon.colcon_core.package_discovery:discover_packages(colcon_meta) discover
[1.322s] Level 1:colcon.colcon_core.package_discovery:discover_packages(recursive) discover
[1.322s] INFO:colcon.colcon_core.package_discovery:Crawling recursively for packages in '/home/ubuntu/NPRPS_Ros/Camero_VRPN'
[1.322s] Level 1:colcon.colcon_core.package_identification:_identify(.) by extensions ['ignore', 'ignore_ament_install']
[1.323s] Level 1:colcon.colcon_core.package_identification:_identify(.) by extension 'ignore'
[1.323s] Level 1:colcon.colcon_core.package_identification:_identify(.) by extension 'ignore_ament_install'
[1.323s] Level 1:colcon.colcon_core.package_identification:_identify(.) by extensions ['colcon_pkg']
[1.323s] Level 1:colcon.colcon_core.package_identification:_identify(.) by extension 'colcon_pkg'
[1.323s] Level 1:colcon.colcon_core.package_identification:_identify(.) by extensions ['colcon_meta']
[1.323s] Level 1:colcon.colcon_core.package_identification:_identify(.) by extension 'colcon_meta'
[1.324s] Level 1:colcon.colcon_core.package_identification:_identify(.) by extensions ['ros']
[1.324s] Level 1:colcon.colcon_core.package_identification:_identify(.) by extension 'ros'
[1.377s] DEBUG:colcon.colcon_core.package_identification:Package '.' with type 'ros.ament_cmake' and name 'Camero_VRPN'
[1.378s] Level 1:colcon.colcon_core.package_discovery:discover_packages(recursive) using defaults
[1.378s] Level 1:colcon.colcon_core.package_discovery:discover_packages(ignore) discover
[1.378s] Level 1:colcon.colcon_core.package_discovery:discover_packages(ignore) using defaults
[1.378s] Level 1:colcon.colcon_core.package_discovery:discover_packages(path) discover
[1.378s] Level 1:colcon.colcon_core.package_discovery:discover_packages(path) using defaults
[1.457s] Level 5:colcon.colcon_core.verb:set package 'Camero_VRPN' build argument 'cmake_args' from command line to 'None'
[1.457s] Level 5:colcon.colcon_core.verb:set package 'Camero_VRPN' build argument 'cmake_target' from command line to 'None'
[1.457s] Level 5:colcon.colcon_core.verb:set package 'Camero_VRPN' build argument 'cmake_target_skip_unavailable' from command line to 'False'
[1.458s] Level 5:colcon.colcon_core.verb:set package 'Camero_VRPN' build argument 'cmake_clean_cache' from command line to 'False'
[1.458s] Level 5:colcon.colcon_core.verb:set package 'Camero_VRPN' build argument 'cmake_clean_first' from command line to 'False'
[1.458s] Level 5:colcon.colcon_core.verb:set package 'Camero_VRPN' build argument 'cmake_force_configure' from command line to 'False'
[1.458s] Level 5:colcon.colcon_core.verb:set package 'Camero_VRPN' build argument 'ament_cmake_args' from command line to 'None'
[1.458s] Level 5:colcon.colcon_core.verb:set package 'Camero_VRPN' build argument 'catkin_cmake_args' from command line to 'None'
[1.458s] Level 5:colcon.colcon_core.verb:set package 'Camero_VRPN' build argument 'catkin_skip_building_tests' from command line to 'False'
[1.458s] DEBUG:colcon.colcon_core.verb:Building package 'Camero_VRPN' with the following arguments: {'ament_cmake_args': None, 'build_base': '/home/ubuntu/NPRPS_Ros/Camero_VRPN/build/Camero_VRPN', 'catkin_cmake_args': None, 'catkin_skip_building_tests': False, 'cmake_args': None, 'cmake_clean_cache': False, 'cmake_clean_first': False, 'cmake_force_configure': False, 'cmake_target': None, 'cmake_target_skip_unavailable': False, 'install_base': '/home/ubuntu/NPRPS_Ros/Camero_VRPN/install/Camero_VRPN', 'merge_install': False, 'path': '/home/ubuntu/NPRPS_Ros/Camero_VRPN', 'symlink_install': False, 'test_result_base': None}
[1.460s] INFO:colcon.colcon_core.executor:Executing jobs using 'parallel' executor
[1.467s] DEBUG:colcon.colcon_parallel_executor.executor.parallel:run_until_complete
[1.468s] INFO:colcon.colcon_ros.task.ament_cmake.build:Building ROS package in '/home/ubuntu/NPRPS_Ros/Camero_VRPN' with build type 'ament_cmake'
[1.468s] INFO:colcon.colcon_cmake.task.cmake.build:Building CMake package in '/home/ubuntu/NPRPS_Ros/Camero_VRPN'
[1.483s] INFO:colcon.colcon_core.plugin_system:Skipping extension 'colcon_core.shell.bat': Not used on non-Windows systems
[1.484s] INFO:colcon.colcon_core.shell:Skip shell extension 'powershell' for command environment: Not usable outside of PowerShell
[1.484s] DEBUG:colcon.colcon_core.shell:Skip shell extension 'dsv' for command environment
[1.494s] DEBUG:colcon.colcon_core.shell:Ignoring prefix path '/opt/ros/galactic'
[1.519s] DEBUG:colcon.colcon_core.event_handler.log_command:Invoking command in '/home/ubuntu/NPRPS_Ros/Camero_VRPN/build/Camero_VRPN': CMAKE_PREFIX_PATH=/opt/ros/galactic /usr/bin/cmake /home/ubuntu/NPRPS_Ros/Camero_VRPN -DCMAKE_INSTALL_PREFIX=/home/ubuntu/NPRPS_Ros/Camero_VRPN/install/Camero_VRPN
[6.666s] DEBUG:colcon.colcon_core.event_handler.log_command:Invoked command in '/home/ubuntu/NPRPS_Ros/Camero_VRPN/build/Camero_VRPN' returned '0': CMAKE_PREFIX_PATH=/opt/ros/galactic /usr/bin/cmake /home/ubuntu/NPRPS_Ros/Camero_VRPN -DCMAKE_INSTALL_PREFIX=/home/ubuntu/NPRPS_Ros/Camero_VRPN/install/Camero_VRPN
[6.678s] DEBUG:colcon.colcon_core.event_handler.log_command:Invoking command in '/home/ubuntu/NPRPS_Ros/Camero_VRPN/build/Camero_VRPN': CMAKE_PREFIX_PATH=/opt/ros/galactic /usr/bin/cmake --build /home/ubuntu/NPRPS_Ros/Camero_VRPN/build/Camero_VRPN -- -j4 -l4
[38.104s] DEBUG:colcon.colcon_core.event_handler.log_command:Invoked command in '/home/ubuntu/NPRPS_Ros/Camero_VRPN/build/Camero_VRPN' returned '0': CMAKE_PREFIX_PATH=/opt/ros/galactic /usr/bin/cmake --build /home/ubuntu/NPRPS_Ros/Camero_VRPN/build/Camero_VRPN -- -j4 -l4
[38.261s] DEBUG:colcon.colcon_core.event_handler.log_command:Invoking command in '/home/ubuntu/NPRPS_Ros/Camero_VRPN/build/Camero_VRPN': CMAKE_PREFIX_PATH=/opt/ros/galactic /usr/bin/cmake --install /home/ubuntu/NPRPS_Ros/Camero_VRPN/build/Camero_VRPN
[38.334s] Level 1:colcon.colcon_core.environment:create_environment_scripts_only(Camero_VRPN)
[38.337s] DEBUG:colcon.colcon_core.event_handler.log_command:Invoked command in '/home/ubuntu/NPRPS_Ros/Camero_VRPN/build/Camero_VRPN' returned '0': CMAKE_PREFIX_PATH=/opt/ros/galactic /usr/bin/cmake --install /home/ubuntu/NPRPS_Ros/Camero_VRPN/build/Camero_VRPN
[38.352s] Level 1:colcon.colcon_core.environment:checking '/home/ubuntu/NPRPS_Ros/Camero_VRPN/install/Camero_VRPN' for CMake module files
[38.355s] Level 1:colcon.colcon_core.environment:checking '/home/ubuntu/NPRPS_Ros/Camero_VRPN/install/Camero_VRPN' for CMake config files
[38.356s] Level 1:colcon.colcon_core.shell:create_environment_hook('Camero_VRPN', 'cmake_prefix_path')
[38.358s] INFO:colcon.colcon_core.shell:Creating environment hook '/home/ubuntu/NPRPS_Ros/Camero_VRPN/install/Camero_VRPN/share/Camero_VRPN/hook/cmake_prefix_path.ps1'
[38.362s] INFO:colcon.colcon_core.shell:Creating environment descriptor '/home/ubuntu/NPRPS_Ros/Camero_VRPN/install/Camero_VRPN/share/Camero_VRPN/hook/cmake_prefix_path.dsv'
[38.365s] INFO:colcon.colcon_core.shell:Creating environment hook '/home/ubuntu/NPRPS_Ros/Camero_VRPN/install/Camero_VRPN/share/Camero_VRPN/hook/cmake_prefix_path.sh'
[38.369s] Level 1:colcon.colcon_core.environment:checking '/home/ubuntu/NPRPS_Ros/Camero_VRPN/install/Camero_VRPN/lib'
[38.370s] Level 1:colcon.colcon_core.environment:checking '/home/ubuntu/NPRPS_Ros/Camero_VRPN/install/Camero_VRPN/bin'
[38.370s] Level 1:colcon.colcon_core.environment:checking '/home/ubuntu/NPRPS_Ros/Camero_VRPN/install/Camero_VRPN/lib/pkgconfig/Camero_VRPN.pc'
[38.371s] Level 1:colcon.colcon_core.environment:checking '/home/ubuntu/NPRPS_Ros/Camero_VRPN/install/Camero_VRPN/lib/python3.8/site-packages'
[38.373s] INFO:colcon.colcon_core.shell:Creating package script '/home/ubuntu/NPRPS_Ros/Camero_VRPN/install/Camero_VRPN/share/Camero_VRPN/package.ps1'
[38.377s] INFO:colcon.colcon_core.shell:Creating package descriptor '/home/ubuntu/NPRPS_Ros/Camero_VRPN/install/Camero_VRPN/share/Camero_VRPN/package.dsv'
[38.379s] INFO:colcon.colcon_core.shell:Creating package script '/home/ubuntu/NPRPS_Ros/Camero_VRPN/install/Camero_VRPN/share/Camero_VRPN/package.sh'
[38.383s] INFO:colcon.colcon_core.shell:Creating package script '/home/ubuntu/NPRPS_Ros/Camero_VRPN/install/Camero_VRPN/share/Camero_VRPN/package.bash'
[38.386s] INFO:colcon.colcon_core.shell:Creating package script '/home/ubuntu/NPRPS_Ros/Camero_VRPN/install/Camero_VRPN/share/Camero_VRPN/package.zsh'
[38.389s] Level 1:colcon.colcon_core.environment:create_file_with_runtime_dependencies(/home/ubuntu/NPRPS_Ros/Camero_VRPN/install/Camero_VRPN/share/colcon-core/packages/Camero_VRPN)
[38.500s] Level 1:colcon.colcon_core.environment:create_environment_scripts_only(Camero_VRPN)
[38.503s] Level 1:colcon.colcon_core.environment:checking '/home/ubuntu/NPRPS_Ros/Camero_VRPN/install/Camero_VRPN' for CMake module files
[38.507s] Level 1:colcon.colcon_core.environment:checking '/home/ubuntu/NPRPS_Ros/Camero_VRPN/install/Camero_VRPN' for CMake config files
[38.509s] Level 1:colcon.colcon_core.shell:create_environment_hook('Camero_VRPN', 'cmake_prefix_path')
[38.511s] INFO:colcon.colcon_core.shell:Creating environment hook '/home/ubuntu/NPRPS_Ros/Camero_VRPN/install/Camero_VRPN/share/Camero_VRPN/hook/cmake_prefix_path.ps1'
[38.513s] INFO:colcon.colcon_core.shell:Creating environment descriptor '/home/ubuntu/NPRPS_Ros/Camero_VRPN/install/Camero_VRPN/share/Camero_VRPN/hook/cmake_prefix_path.dsv'
[38.515s] INFO:colcon.colcon_core.shell:Creating environment hook '/home/ubuntu/NPRPS_Ros/Camero_VRPN/install/Camero_VRPN/share/Camero_VRPN/hook/cmake_prefix_path.sh'
[38.517s] Level 1:colcon.colcon_core.environment:checking '/home/ubuntu/NPRPS_Ros/Camero_VRPN/install/Camero_VRPN/lib'
[38.518s] Level 1:colcon.colcon_core.environment:checking '/home/ubuntu/NPRPS_Ros/Camero_VRPN/install/Camero_VRPN/bin'
[38.518s] Level 1:colcon.colcon_core.environment:checking '/home/ubuntu/NPRPS_Ros/Camero_VRPN/install/Camero_VRPN/lib/pkgconfig/Camero_VRPN.pc'
[38.518s] Level 1:colcon.colcon_core.environment:checking '/home/ubuntu/NPRPS_Ros/Camero_VRPN/install/Camero_VRPN/lib/python3.8/site-packages'
[38.521s] INFO:colcon.colcon_core.shell:Creating package script '/home/ubuntu/NPRPS_Ros/Camero_VRPN/install/Camero_VRPN/share/Camero_VRPN/package.ps1'
[38.523s] INFO:colcon.colcon_core.shell:Creating package descriptor '/home/ubuntu/NPRPS_Ros/Camero_VRPN/install/Camero_VRPN/share/Camero_VRPN/package.dsv'
[38.525s] INFO:colcon.colcon_core.shell:Creating package script '/home/ubuntu/NPRPS_Ros/Camero_VRPN/install/Camero_VRPN/share/Camero_VRPN/package.sh'
[38.528s] INFO:colcon.colcon_core.shell:Creating package script '/home/ubuntu/NPRPS_Ros/Camero_VRPN/install/Camero_VRPN/share/Camero_VRPN/package.bash'
[38.530s] INFO:colcon.colcon_core.shell:Creating package script '/home/ubuntu/NPRPS_Ros/Camero_VRPN/install/Camero_VRPN/share/Camero_VRPN/package.zsh'
[38.532s] Level 1:colcon.colcon_core.environment:create_file_with_runtime_dependencies(/home/ubuntu/NPRPS_Ros/Camero_VRPN/install/Camero_VRPN/share/colcon-core/packages/Camero_VRPN)
[38.534s] DEBUG:colcon.colcon_parallel_executor.executor.parallel:closing loop
[38.535s] DEBUG:colcon.colcon_parallel_executor.executor.parallel:loop closed
[38.535s] DEBUG:colcon.colcon_parallel_executor.executor.parallel:run_until_complete finished with '0'
[38.536s] DEBUG:colcon.colcon_core.event_reactor:joining thread
[38.561s] INFO:colcon.colcon_core.plugin_system:Skipping extension 'colcon_notification.desktop_notification.notify_send': Could not find 'notify-send'
[38.561s] INFO:colcon.colcon_core.plugin_system:Skipping extension 'colcon_notification.desktop_notification.terminal_notifier': Not used on non-Darwin systems
[38.561s] INFO:colcon.colcon_core.plugin_system:Skipping extension 'colcon_notification.desktop_notification.win32': Not used on non-Windows systems
[38.562s] INFO:colcon.colcon_notification.desktop_notification:Sending desktop notification using 'notify2'
[38.564s] DEBUG:colcon.colcon_notification.desktop_notification.notify2:Failed to initialize notify2: org.freedesktop.DBus.Error.ServiceUnknown: The name org.freedesktop.Notifications was not provided by any .service files
[38.565s] DEBUG:colcon.colcon_core.event_reactor:joined thread
[38.567s] INFO:colcon.colcon_core.shell:Creating prefix script '/home/ubuntu/NPRPS_Ros/Camero_VRPN/install/local_setup.ps1'
[38.571s] INFO:colcon.colcon_core.shell:Creating prefix util module '/home/ubuntu/NPRPS_Ros/Camero_VRPN/install/_local_setup_util_ps1.py'
[38.577s] INFO:colcon.colcon_core.shell:Creating prefix chain script '/home/ubuntu/NPRPS_Ros/Camero_VRPN/install/setup.ps1'
[38.587s] INFO:colcon.colcon_core.shell:Creating prefix script '/home/ubuntu/NPRPS_Ros/Camero_VRPN/install/local_setup.sh'
[38.589s] INFO:colcon.colcon_core.shell:Creating prefix util module '/home/ubuntu/NPRPS_Ros/Camero_VRPN/install/_local_setup_util_sh.py'
[38.591s] INFO:colcon.colcon_core.shell:Creating prefix chain script '/home/ubuntu/NPRPS_Ros/Camero_VRPN/install/setup.sh'
[38.601s] INFO:colcon.colcon_core.shell:Creating prefix script '/home/ubuntu/NPRPS_Ros/Camero_VRPN/install/local_setup.bash'
[38.603s] INFO:colcon.colcon_core.shell:Creating prefix chain script '/home/ubuntu/NPRPS_Ros/Camero_VRPN/install/setup.bash'
[38.611s] INFO:colcon.colcon_core.shell:Creating prefix script '/home/ubuntu/NPRPS_Ros/Camero_VRPN/install/local_setup.zsh'
[38.614s] INFO:colcon.colcon_core.shell:Creating prefix chain script '/home/ubuntu/NPRPS_Ros/Camero_VRPN/install/setup.zsh'
