[2.794s] DEBUG:colcon:Command line arguments: ['/usr/bin/colcon', 'build', '--parallel-workers', '4']
[2.795s] DEBUG:colcon:Parsed command line arguments: Namespace(ament_cmake_args=None, base_paths=['.'], build_base='build', catkin_cmake_args=None, catkin_skip_building_tests=False, cmake_args=None, cmake_clean_cache=False, cmake_clean_first=False, cmake_force_configure=False, cmake_target=None, cmake_target_skip_unavailable=False, continue_on_error=False, event_handlers=None, executor='parallel', ignore_user_meta=False, install_base='install', log_base=None, log_level=None, main=<bound method BuildVerb.main of <colcon_core.verb.build.BuildVerb object at 0xffffae0dabe0>>, merge_install=False, metas=['./colcon.meta'], packages_above=None, packages_above_and_dependencies=None, packages_above_depth=None, packages_end=None, packages_ignore=None, packages_ignore_regex=None, packages_select=None, packages_select_build_failed=False, packages_select_by_dep=None, packages_select_regex=None, packages_select_test_failures=False, packages_skip=None, packages_skip_build_finished=False, packages_skip_by_dep=None, packages_skip_regex=None, packages_skip_test_passed=False, packages_skip_up_to=None, packages_start=None, packages_up_to=None, packages_up_to_regex=None, parallel_workers=4, paths=None, symlink_install=False, test_result_base=None, verb_extension=<colcon_core.verb.build.BuildVerb object at 0xffffae0dabe0>, verb_name='build', verb_parser=<colcon_defaults.argument_parser.defaults.DefaultArgumentsDecorator object at 0xffffae0e8190>)
[2.872s] Level 1:colcon.colcon_core.package_discovery:discover_packages(colcon_meta) check parameters
[2.873s] Level 1:colcon.colcon_core.package_discovery:discover_packages(recursive) check parameters
[2.873s] Level 1:colcon.colcon_core.package_discovery:discover_packages(ignore) check parameters
[2.874s] Level 1:colcon.colcon_core.package_discovery:discover_packages(path) check parameters
[2.874s] Level 1:colcon.colcon_core.package_discovery:discover_packages(colcon_meta) discover
[2.874s] Level 1:colcon.colcon_core.package_discovery:discover_packages(recursive) discover
[2.875s] INFO:colcon.colcon_core.package_discovery:Crawling recursively for packages in '/home/ubuntu/main_ws/NPRPS_Ros/Camero_VRPN/src'
[2.876s] Level 1:colcon.colcon_core.package_identification:_identify(.) by extensions ['ignore', 'ignore_ament_install']
[2.878s] Level 1:colcon.colcon_core.package_identification:_identify(.) by extension 'ignore'
[2.878s] Level 1:colcon.colcon_core.package_identification:_identify(.) by extension 'ignore_ament_install'
[2.879s] Level 1:colcon.colcon_core.package_identification:_identify(.) by extensions ['colcon_pkg']
[2.879s] Level 1:colcon.colcon_core.package_identification:_identify(.) by extension 'colcon_pkg'
[2.880s] Level 1:colcon.colcon_core.package_identification:_identify(.) by extensions ['colcon_meta']
[2.880s] Level 1:colcon.colcon_core.package_identification:_identify(.) by extension 'colcon_meta'
[2.881s] Level 1:colcon.colcon_core.package_identification:_identify(.) by extensions ['ros']
[2.881s] Level 1:colcon.colcon_core.package_identification:_identify(.) by extension 'ros'
[3.019s] Level 1:colcon.colcon_core.package_identification:_identify(.) by extensions ['cmake', 'python']
[3.019s] Level 1:colcon.colcon_core.package_identification:_identify(.) by extension 'cmake'
[3.020s] Level 1:colcon.colcon_core.package_identification:_identify(.) by extension 'python'
[3.020s] Level 1:colcon.colcon_core.package_identification:_identify(.) by extensions ['python_setup_py']
[3.020s] Level 1:colcon.colcon_core.package_identification:_identify(.) by extension 'python_setup_py'
[3.021s] Level 1:colcon.colcon_core.package_identification:_identify(build) by extensions ['ignore', 'ignore_ament_install']
[3.022s] Level 1:colcon.colcon_core.package_identification:_identify(build) by extension 'ignore'
[3.023s] Level 1:colcon.colcon_core.package_identification:_identify(build) ignored
[3.024s] Level 1:colcon.colcon_core.package_identification:_identify(install) by extensions ['ignore', 'ignore_ament_install']
[3.024s] Level 1:colcon.colcon_core.package_identification:_identify(install) by extension 'ignore'
[3.025s] Level 1:colcon.colcon_core.package_identification:_identify(install) ignored
[3.025s] Level 1:colcon.colcon_core.package_identification:_identify(log) by extensions ['ignore', 'ignore_ament_install']
[3.026s] Level 1:colcon.colcon_core.package_identification:_identify(log) by extension 'ignore'
[3.027s] Level 1:colcon.colcon_core.package_identification:_identify(log) ignored
[3.027s] Level 1:colcon.colcon_core.package_discovery:discover_packages(recursive) using defaults
[3.027s] Level 1:colcon.colcon_core.package_discovery:discover_packages(ignore) discover
[3.028s] Level 1:colcon.colcon_core.package_discovery:discover_packages(ignore) using defaults
[3.028s] Level 1:colcon.colcon_core.package_discovery:discover_packages(path) discover
[3.028s] Level 1:colcon.colcon_core.package_discovery:discover_packages(path) using defaults
[3.176s] INFO:colcon.colcon_core.executor:Executing jobs using 'parallel' executor
[3.190s] DEBUG:colcon.colcon_parallel_executor.executor.parallel:run_until_complete
[3.191s] DEBUG:colcon.colcon_parallel_executor.executor.parallel:closing loop
[3.192s] DEBUG:colcon.colcon_parallel_executor.executor.parallel:loop closed
[3.192s] DEBUG:colcon.colcon_parallel_executor.executor.parallel:run_until_complete finished with '0'
[3.192s] DEBUG:colcon.colcon_core.event_reactor:joining thread
[3.241s] INFO:colcon.colcon_core.plugin_system:Skipping extension 'colcon_notification.desktop_notification.notify_send': Could not find 'notify-send'
[3.242s] INFO:colcon.colcon_core.plugin_system:Skipping extension 'colcon_notification.desktop_notification.terminal_notifier': Not used on non-Darwin systems
[3.242s] INFO:colcon.colcon_core.plugin_system:Skipping extension 'colcon_notification.desktop_notification.win32': Not used on non-Windows systems
[3.243s] INFO:colcon.colcon_notification.desktop_notification:Sending desktop notification using 'notify2'
[3.287s] DEBUG:colcon.colcon_notification.desktop_notification.notify2:Failed to initialize notify2: org.freedesktop.DBus.Error.ServiceUnknown: The name org.freedesktop.Notifications was not provided by any .service files
[3.288s] DEBUG:colcon.colcon_core.event_reactor:joined thread
[3.334s] INFO:colcon.colcon_core.plugin_system:Skipping extension 'colcon_core.shell.bat': Not used on non-Windows systems
[3.336s] INFO:colcon.colcon_core.shell:Creating prefix script '/home/ubuntu/main_ws/NPRPS_Ros/Camero_VRPN/src/install/local_setup.ps1'
[3.345s] INFO:colcon.colcon_core.shell:Creating prefix util module '/home/ubuntu/main_ws/NPRPS_Ros/Camero_VRPN/src/install/_local_setup_util_ps1.py'
[3.357s] INFO:colcon.colcon_core.shell:Creating prefix chain script '/home/ubuntu/main_ws/NPRPS_Ros/Camero_VRPN/src/install/setup.ps1'
[3.389s] INFO:colcon.colcon_core.shell:Creating prefix script '/home/ubuntu/main_ws/NPRPS_Ros/Camero_VRPN/src/install/local_setup.sh'
[3.396s] INFO:colcon.colcon_core.shell:Creating prefix util module '/home/ubuntu/main_ws/NPRPS_Ros/Camero_VRPN/src/install/_local_setup_util_sh.py'
[3.399s] INFO:colcon.colcon_core.shell:Creating prefix chain script '/home/ubuntu/main_ws/NPRPS_Ros/Camero_VRPN/src/install/setup.sh'
[3.416s] INFO:colcon.colcon_core.shell:Creating prefix script '/home/ubuntu/main_ws/NPRPS_Ros/Camero_VRPN/src/install/local_setup.bash'
[3.422s] INFO:colcon.colcon_core.shell:Creating prefix chain script '/home/ubuntu/main_ws/NPRPS_Ros/Camero_VRPN/src/install/setup.bash'
[3.440s] INFO:colcon.colcon_core.shell:Creating prefix script '/home/ubuntu/main_ws/NPRPS_Ros/Camero_VRPN/src/install/local_setup.zsh'
[3.446s] INFO:colcon.colcon_core.shell:Creating prefix chain script '/home/ubuntu/main_ws/NPRPS_Ros/Camero_VRPN/src/install/setup.zsh'
