[01m[K/home/mona/main_ws/NPRPS_Ros/Camero_VRPN/src/forward.cpp:55:23:[m[K [01;35m[Kwarning: [m[KISO C++ forbids converting a string constant to ‘[01m[Kchar*[m[K’ [[01;35m[K-Wwrite-strings[m[K]
   55 |     char * pub_name = [01;35m[K"None"[m[K;
      |                       [01;35m[K^~~~~~[m[K
In file included from [01m[K/opt/ros/galactic/include/rclcpp/client.hpp:40[m[K,
                 from [01m[K/opt/ros/galactic/include/rclcpp/callback_group.hpp:23[m[K,
                 from [01m[K/opt/ros/galactic/include/rclcpp/any_executable.hpp:20[m[K,
                 from [01m[K/opt/ros/galactic/include/rclcpp/memory_strategy.hpp:25[m[K,
                 from [01m[K/opt/ros/galactic/include/rclcpp/memory_strategies.hpp:18[m[K,
                 from [01m[K/opt/ros/galactic/include/rclcpp/executor_options.hpp:20[m[K,
                 from [01m[K/opt/ros/galactic/include/rclcpp/executor.hpp:36[m[K,
                 from [01m[K/opt/ros/galactic/include/rclcpp/executors/multi_threaded_executor.hpp:26[m[K,
                 from [01m[K/opt/ros/galactic/include/rclcpp/executors.hpp:21[m[K,
                 from [01m[K/opt/ros/galactic/include/rclcpp/rclcpp.hpp:156[m[K,
                 from [01m[K/home/mona/main_ws/NPRPS_Ros/Camero_VRPN/src/forward.cpp:1[m[K:
[01m[K/home/mona/main_ws/NPRPS_Ros/Camero_VRPN/src/forward.cpp:[m[K In member function ‘[01m[Kvoid Motion::topic_callback(geometry_msgs::msg::PoseStamped)[m[K’:
[01m[K/home/mona/main_ws/NPRPS_Ros/Camero_VRPN/src/forward.cpp:27:45:[m[K [01;35m[Kwarning: [m[Kformat ‘[01m[K%d[m[K’ expects argument of type ‘[01m[Kint[m[K’, but argument 5 has type ‘[01m[Kgeometry_msgs::msg::Point_<std::allocator<void> >::_x_type[m[K’ {aka ‘[01m[Kdouble[m[K’} [[01;35m[K-Wformat=[m[K]
   27 |             RCLCPP_INFO(this->get_logger(), [01;35m[K"X: %d , Y: %d, Z: %d \n"[m[K,
      |                                             [01;35m[K^~~~~~~~~~~~~~~~~~~~~~~~~[m[K
   28 |                     [32m[Kreal_PoseStampd.pose.position.x[m[K,
      |                     [32m[K~~~~~~~~~~~~~~~~~~~~~~~~~~~~~~~[m[K
      |                                                   [32m[K|[m[K
      |                                                   [32m[Kgeometry_msgs::msg::Point_<std::allocator<void> >::_x_type {aka double}[m[K
[01m[K/home/mona/main_ws/NPRPS_Ros/Camero_VRPN/src/forward.cpp:27:50:[m[K [01;36m[Knote: [m[Kformat string is defined here
   27 |             RCLCPP_INFO(this->get_logger(), "X: [01;36m[K%d[m[K , Y: %d, Z: %d \n",
      |                                                 [01;36m[K~^[m[K
      |                                                  [01;36m[K|[m[K
      |                                                  [01;36m[Kint[m[K
      |                                                 [32m[K%f[m[K
In file included from [01m[K/opt/ros/galactic/include/rclcpp/client.hpp:40[m[K,
                 from [01m[K/opt/ros/galactic/include/rclcpp/callback_group.hpp:23[m[K,
                 from [01m[K/opt/ros/galactic/include/rclcpp/any_executable.hpp:20[m[K,
                 from [01m[K/opt/ros/galactic/include/rclcpp/memory_strategy.hpp:25[m[K,
                 from [01m[K/opt/ros/galactic/include/rclcpp/memory_strategies.hpp:18[m[K,
                 from [01m[K/opt/ros/galactic/include/rclcpp/executor_options.hpp:20[m[K,
                 from [01m[K/opt/ros/galactic/include/rclcpp/executor.hpp:36[m[K,
                 from [01m[K/opt/ros/galactic/include/rclcpp/executors/multi_threaded_executor.hpp:26[m[K,
                 from [01m[K/opt/ros/galactic/include/rclcpp/executors.hpp:21[m[K,
                 from [01m[K/opt/ros/galactic/include/rclcpp/rclcpp.hpp:156[m[K,
                 from [01m[K/home/mona/main_ws/NPRPS_Ros/Camero_VRPN/src/forward.cpp:1[m[K:
[01m[K/home/mona/main_ws/NPRPS_Ros/Camero_VRPN/src/forward.cpp:27:45:[m[K [01;35m[Kwarning: [m[Kformat ‘[01m[K%d[m[K’ expects argument of type ‘[01m[Kint[m[K’, but argument 6 has type ‘[01m[Kgeometry_msgs::msg::Point_<std::allocator<void> >::_y_type[m[K’ {aka ‘[01m[Kdouble[m[K’} [[01;35m[K-Wformat=[m[K]
   27 |             RCLCPP_INFO(this->get_logger(), [01;35m[K"X: %d , Y: %d, Z: %d \n"[m[K,
      |                                             [01;35m[K^~~~~~~~~~~~~~~~~~~~~~~~~[m[K
   28 |                     real_PoseStampd.pose.position.x,
   29 |                     [32m[Kreal_PoseStampd.pose.position.y[m[K,
      |                     [32m[K~~~~~~~~~~~~~~~~~~~~~~~~~~~~~~~[m[K
      |                                                   [32m[K|[m[K
      |                                                   [32m[Kgeometry_msgs::msg::Point_<std::allocator<void> >::_y_type {aka double}[m[K
[01m[K/home/mona/main_ws/NPRPS_Ros/Camero_VRPN/src/forward.cpp:27:58:[m[K [01;36m[Knote: [m[Kformat string is defined here
   27 |             RCLCPP_INFO(this->get_logger(), "X: %d , Y: [01;36m[K%d[m[K, Z: %d \n",
      |                                                         [01;36m[K~^[m[K
      |                                                          [01;36m[K|[m[K
      |                                                          [01;36m[Kint[m[K
      |                                                         [32m[K%f[m[K
In file included from [01m[K/opt/ros/galactic/include/rclcpp/client.hpp:40[m[K,
                 from [01m[K/opt/ros/galactic/include/rclcpp/callback_group.hpp:23[m[K,
                 from [01m[K/opt/ros/galactic/include/rclcpp/any_executable.hpp:20[m[K,
                 from [01m[K/opt/ros/galactic/include/rclcpp/memory_strategy.hpp:25[m[K,
                 from [01m[K/opt/ros/galactic/include/rclcpp/memory_strategies.hpp:18[m[K,
                 from [01m[K/opt/ros/galactic/include/rclcpp/executor_options.hpp:20[m[K,
                 from [01m[K/opt/ros/galactic/include/rclcpp/executor.hpp:36[m[K,
                 from [01m[K/opt/ros/galactic/include/rclcpp/executors/multi_threaded_executor.hpp:26[m[K,
                 from [01m[K/opt/ros/galactic/include/rclcpp/executors.hpp:21[m[K,
                 from [01m[K/opt/ros/galactic/include/rclcpp/rclcpp.hpp:156[m[K,
                 from [01m[K/home/mona/main_ws/NPRPS_Ros/Camero_VRPN/src/forward.cpp:1[m[K:
[01m[K/home/mona/main_ws/NPRPS_Ros/Camero_VRPN/src/forward.cpp:27:45:[m[K [01;35m[Kwarning: [m[Kformat ‘[01m[K%d[m[K’ expects argument of type ‘[01m[Kint[m[K’, but argument 7 has type ‘[01m[Kgeometry_msgs::msg::Point_<std::allocator<void> >::_z_type[m[K’ {aka ‘[01m[Kdouble[m[K’} [[01;35m[K-Wformat=[m[K]
   27 |             RCLCPP_INFO(this->get_logger(), [01;35m[K"X: %d , Y: %d, Z: %d \n"[m[K,
      |                                             [01;35m[K^~~~~~~~~~~~~~~~~~~~~~~~~[m[K
......
   30 |                     [32m[Kreal_PoseStampd.pose.position.z[m[K);
      |                     [32m[K~~~~~~~~~~~~~~~~~~~~~~~~~~~~~~~[m[K
      |                                                   [32m[K|[m[K
      |                                                   [32m[Kgeometry_msgs::msg::Point_<std::allocator<void> >::_z_type {aka double}[m[K
[01m[K/home/mona/main_ws/NPRPS_Ros/Camero_VRPN/src/forward.cpp:27:65:[m[K [01;36m[Knote: [m[Kformat string is defined here
   27 |             RCLCPP_INFO(this->get_logger(), "X: %d , Y: %d, Z: [01;36m[K%d[m[K \n",
      |                                                                [01;36m[K~^[m[K
      |                                                                 [01;36m[K|[m[K
      |                                                                 [01;36m[Kint[m[K
      |                                                                [32m[K%f[m[K
