[0.008s] Invoking command in '/home/mona/main_ws/NPRPS_Ros/Camero_VRPN/build/Camero_VRPN': CMAKE_PREFIX_PATH=/opt/ros/galactic /usr/bin/cmake --build /home/mona/main_ws/NPRPS_Ros/Camero_VRPN/build/Camero_VRPN -- -j24 -l24
[0.044s] [ 50%] [32mBuilding CXX object CMakeFiles/forward.dir/src/forward.cpp.o[0m
[1.030s] [01m[K/home/mona/main_ws/NPRPS_Ros/Camero_VRPN/src/forward.cpp:55:23:[m[K [01;35m[Kwarning: [m[KISO C++ forbids converting a string constant to ‘[01m[Kchar*[m[K’ [[01;35m[K-Wwrite-strings[m[K]
[1.030s]    55 |     char * pub_name = [01;35m[K"None"[m[K;
[1.030s]       |                       [01;35m[K^~~~~~[m[K
[1.190s] In file included from [01m[K/opt/ros/galactic/include/rclcpp/client.hpp:40[m[K,
[1.190s]                  from [01m[K/opt/ros/galactic/include/rclcpp/callback_group.hpp:23[m[K,
[1.190s]                  from [01m[K/opt/ros/galactic/include/rclcpp/any_executable.hpp:20[m[K,
[1.190s]                  from [01m[K/opt/ros/galactic/include/rclcpp/memory_strategy.hpp:25[m[K,
[1.190s]                  from [01m[K/opt/ros/galactic/include/rclcpp/memory_strategies.hpp:18[m[K,
[1.190s]                  from [01m[K/opt/ros/galactic/include/rclcpp/executor_options.hpp:20[m[K,
[1.190s]                  from [01m[K/opt/ros/galactic/include/rclcpp/executor.hpp:36[m[K,
[1.190s]                  from [01m[K/opt/ros/galactic/include/rclcpp/executors/multi_threaded_executor.hpp:26[m[K,
[1.190s]                  from [01m[K/opt/ros/galactic/include/rclcpp/executors.hpp:21[m[K,
[1.190s]                  from [01m[K/opt/ros/galactic/include/rclcpp/rclcpp.hpp:156[m[K,
[1.190s]                  from [01m[K/home/mona/main_ws/NPRPS_Ros/Camero_VRPN/src/forward.cpp:1[m[K:
[1.190s] [01m[K/home/mona/main_ws/NPRPS_Ros/Camero_VRPN/src/forward.cpp:[m[K In member function ‘[01m[Kvoid Motion::topic_callback(geometry_msgs::msg::PoseStamped)[m[K’:
[1.190s] [01m[K/home/mona/main_ws/NPRPS_Ros/Camero_VRPN/src/forward.cpp:27:45:[m[K [01;35m[Kwarning: [m[Kformat ‘[01m[K%d[m[K’ expects argument of type ‘[01m[Kint[m[K’, but argument 5 has type ‘[01m[Kgeometry_msgs::msg::Point_<std::allocator<void> >::_x_type[m[K’ {aka ‘[01m[Kdouble[m[K’} [[01;35m[K-Wformat=[m[K]
[1.190s]    27 |             RCLCPP_INFO(this->get_logger(), [01;35m[K"X: %d , Y: %d, Z: %d \n"[m[K,
[1.190s]       |                                             [01;35m[K^~~~~~~~~~~~~~~~~~~~~~~~~[m[K
[1.190s]    28 |                     [32m[Kreal_PoseStampd.pose.position.x[m[K,
[1.191s]       |                     [32m[K~~~~~~~~~~~~~~~~~~~~~~~~~~~~~~~[m[K
[1.191s]       |                                                   [32m[K|[m[K
[1.191s]       |                                                   [32m[Kgeometry_msgs::msg::Point_<std::allocator<void> >::_x_type {aka double}[m[K
[1.191s] [01m[K/home/mona/main_ws/NPRPS_Ros/Camero_VRPN/src/forward.cpp:27:50:[m[K [01;36m[Knote: [m[Kformat string is defined here
[1.191s]    27 |             RCLCPP_INFO(this->get_logger(), "X: [01;36m[K%d[m[K , Y: %d, Z: %d \n",
[1.191s]       |                                                 [01;36m[K~^[m[K
[1.191s]       |                                                  [01;36m[K|[m[K
[1.191s]       |                                                  [01;36m[Kint[m[K
[1.191s]       |                                                 [32m[K%f[m[K
[1.191s] In file included from [01m[K/opt/ros/galactic/include/rclcpp/client.hpp:40[m[K,
[1.191s]                  from [01m[K/opt/ros/galactic/include/rclcpp/callback_group.hpp:23[m[K,
[1.191s]                  from [01m[K/opt/ros/galactic/include/rclcpp/any_executable.hpp:20[m[K,
[1.191s]                  from [01m[K/opt/ros/galactic/include/rclcpp/memory_strategy.hpp:25[m[K,
[1.191s]                  from [01m[K/opt/ros/galactic/include/rclcpp/memory_strategies.hpp:18[m[K,
[1.191s]                  from [01m[K/opt/ros/galactic/include/rclcpp/executor_options.hpp:20[m[K,
[1.191s]                  from [01m[K/opt/ros/galactic/include/rclcpp/executor.hpp:36[m[K,
[1.191s]                  from [01m[K/opt/ros/galactic/include/rclcpp/executors/multi_threaded_executor.hpp:26[m[K,
[1.191s]                  from [01m[K/opt/ros/galactic/include/rclcpp/executors.hpp:21[m[K,
[1.191s]                  from [01m[K/opt/ros/galactic/include/rclcpp/rclcpp.hpp:156[m[K,
[1.191s]                  from [01m[K/home/mona/main_ws/NPRPS_Ros/Camero_VRPN/src/forward.cpp:1[m[K:
[1.191s] [01m[K/home/mona/main_ws/NPRPS_Ros/Camero_VRPN/src/forward.cpp:27:45:[m[K [01;35m[Kwarning: [m[Kformat ‘[01m[K%d[m[K’ expects argument of type ‘[01m[Kint[m[K’, but argument 6 has type ‘[01m[Kgeometry_msgs::msg::Point_<std::allocator<void> >::_y_type[m[K’ {aka ‘[01m[Kdouble[m[K’} [[01;35m[K-Wformat=[m[K]
[1.192s]    27 |             RCLCPP_INFO(this->get_logger(), [01;35m[K"X: %d , Y: %d, Z: %d \n"[m[K,
[1.192s]       |                                             [01;35m[K^~~~~~~~~~~~~~~~~~~~~~~~~[m[K
[1.192s]    28 |                     real_PoseStampd.pose.position.x,
[1.192s]    29 |                     [32m[Kreal_PoseStampd.pose.position.y[m[K,
[1.192s]       |                     [32m[K~~~~~~~~~~~~~~~~~~~~~~~~~~~~~~~[m[K
[1.192s]       |                                                   [32m[K|[m[K
[1.192s]       |                                                   [32m[Kgeometry_msgs::msg::Point_<std::allocator<void> >::_y_type {aka double}[m[K
[1.192s] [01m[K/home/mona/main_ws/NPRPS_Ros/Camero_VRPN/src/forward.cpp:27:58:[m[K [01;36m[Knote: [m[Kformat string is defined here
[1.192s]    27 |             RCLCPP_INFO(this->get_logger(), "X: %d , Y: [01;36m[K%d[m[K, Z: %d \n",
[1.192s]       |                                                         [01;36m[K~^[m[K
[1.192s]       |                                                          [01;36m[K|[m[K
[1.192s]       |                                                          [01;36m[Kint[m[K
[1.192s]       |                                                         [32m[K%f[m[K
[1.192s] In file included from [01m[K/opt/ros/galactic/include/rclcpp/client.hpp:40[m[K,
[1.192s]                  from [01m[K/opt/ros/galactic/include/rclcpp/callback_group.hpp:23[m[K,
[1.192s]                  from [01m[K/opt/ros/galactic/include/rclcpp/any_executable.hpp:20[m[K,
[1.192s]                  from [01m[K/opt/ros/galactic/include/rclcpp/memory_strategy.hpp:25[m[K,
[1.192s]                  from [01m[K/opt/ros/galactic/include/rclcpp/memory_strategies.hpp:18[m[K,
[1.192s]                  from [01m[K/opt/ros/galactic/include/rclcpp/executor_options.hpp:20[m[K,
[1.192s]                  from [01m[K/opt/ros/galactic/include/rclcpp/executor.hpp:36[m[K,
[1.193s]                  from [01m[K/opt/ros/galactic/include/rclcpp/executors/multi_threaded_executor.hpp:26[m[K,
[1.193s]                  from [01m[K/opt/ros/galactic/include/rclcpp/executors.hpp:21[m[K,
[1.193s]                  from [01m[K/opt/ros/galactic/include/rclcpp/rclcpp.hpp:156[m[K,
[1.193s]                  from [01m[K/home/mona/main_ws/NPRPS_Ros/Camero_VRPN/src/forward.cpp:1[m[K:
[1.193s] [01m[K/home/mona/main_ws/NPRPS_Ros/Camero_VRPN/src/forward.cpp:27:45:[m[K [01;35m[Kwarning: [m[Kformat ‘[01m[K%d[m[K’ expects argument of type ‘[01m[Kint[m[K’, but argument 7 has type ‘[01m[Kgeometry_msgs::msg::Point_<std::allocator<void> >::_z_type[m[K’ {aka ‘[01m[Kdouble[m[K’} [[01;35m[K-Wformat=[m[K]
[1.193s]    27 |             RCLCPP_INFO(this->get_logger(), [01;35m[K"X: %d , Y: %d, Z: %d \n"[m[K,
[1.193s]       |                                             [01;35m[K^~~~~~~~~~~~~~~~~~~~~~~~~[m[K
[1.193s] ......
[1.193s]    30 |                     [32m[Kreal_PoseStampd.pose.position.z[m[K);
[1.193s]       |                     [32m[K~~~~~~~~~~~~~~~~~~~~~~~~~~~~~~~[m[K
[1.193s]       |                                                   [32m[K|[m[K
[1.193s]       |                                                   [32m[Kgeometry_msgs::msg::Point_<std::allocator<void> >::_z_type {aka double}[m[K
[1.193s] [01m[K/home/mona/main_ws/NPRPS_Ros/Camero_VRPN/src/forward.cpp:27:65:[m[K [01;36m[Knote: [m[Kformat string is defined here
[1.193s]    27 |             RCLCPP_INFO(this->get_logger(), "X: %d , Y: %d, Z: [01;36m[K%d[m[K \n",
[1.193s]       |                                                                [01;36m[K~^[m[K
[1.193s]       |                                                                 [01;36m[K|[m[K
[1.193s]       |                                                                 [01;36m[Kint[m[K
[1.193s]       |                                                                [32m[K%f[m[K
[4.217s] [100%] [32m[1mLinking CXX executable forward[0m
[4.381s] [100%] Built target forward
[4.391s] Invoked command in '/home/mona/main_ws/NPRPS_Ros/Camero_VRPN/build/Camero_VRPN' returned '0': CMAKE_PREFIX_PATH=/opt/ros/galactic /usr/bin/cmake --build /home/mona/main_ws/NPRPS_Ros/Camero_VRPN/build/Camero_VRPN -- -j24 -l24
[4.411s] Invoking command in '/home/mona/main_ws/NPRPS_Ros/Camero_VRPN/build/Camero_VRPN': CMAKE_PREFIX_PATH=/opt/ros/galactic /usr/bin/cmake --install /home/mona/main_ws/NPRPS_Ros/Camero_VRPN/build/Camero_VRPN
[4.419s] -- Install configuration: ""
[4.419s] -- Installing: /home/mona/main_ws/NPRPS_Ros/Camero_VRPN/install/Camero_VRPN/lib/Camero_VRPN/forward
[4.422s] -- Set runtime path of "/home/mona/main_ws/NPRPS_Ros/Camero_VRPN/install/Camero_VRPN/lib/Camero_VRPN/forward" to ""
[4.422s] -- Installing: /home/mona/main_ws/NPRPS_Ros/Camero_VRPN/install/Camero_VRPN/share/ament_index/resource_index/package_run_dependencies/Camero_VRPN
[4.422s] -- Installing: /home/mona/main_ws/NPRPS_Ros/Camero_VRPN/install/Camero_VRPN/share/ament_index/resource_index/parent_prefix_path/Camero_VRPN
[4.423s] -- Installing: /home/mona/main_ws/NPRPS_Ros/Camero_VRPN/install/Camero_VRPN/share/Camero_VRPN/environment/ament_prefix_path.sh
[4.423s] -- Installing: /home/mona/main_ws/NPRPS_Ros/Camero_VRPN/install/Camero_VRPN/share/Camero_VRPN/environment/ament_prefix_path.dsv
[4.423s] -- Installing: /home/mona/main_ws/NPRPS_Ros/Camero_VRPN/install/Camero_VRPN/share/Camero_VRPN/environment/path.sh
[4.423s] -- Installing: /home/mona/main_ws/NPRPS_Ros/Camero_VRPN/install/Camero_VRPN/share/Camero_VRPN/environment/path.dsv
[4.423s] -- Installing: /home/mona/main_ws/NPRPS_Ros/Camero_VRPN/install/Camero_VRPN/share/Camero_VRPN/local_setup.bash
[4.423s] -- Installing: /home/mona/main_ws/NPRPS_Ros/Camero_VRPN/install/Camero_VRPN/share/Camero_VRPN/local_setup.sh
[4.423s] -- Installing: /home/mona/main_ws/NPRPS_Ros/Camero_VRPN/install/Camero_VRPN/share/Camero_VRPN/local_setup.zsh
[4.423s] -- Installing: /home/mona/main_ws/NPRPS_Ros/Camero_VRPN/install/Camero_VRPN/share/Camero_VRPN/local_setup.dsv
[4.423s] -- Up-to-date: /home/mona/main_ws/NPRPS_Ros/Camero_VRPN/install/Camero_VRPN/share/Camero_VRPN/package.dsv
[4.424s] -- Installing: /home/mona/main_ws/NPRPS_Ros/Camero_VRPN/install/Camero_VRPN/share/ament_index/resource_index/packages/Camero_VRPN
[4.424s] -- Installing: /home/mona/main_ws/NPRPS_Ros/Camero_VRPN/install/Camero_VRPN/share/Camero_VRPN/cmake/Camero_VRPNConfig.cmake
[4.424s] -- Installing: /home/mona/main_ws/NPRPS_Ros/Camero_VRPN/install/Camero_VRPN/share/Camero_VRPN/cmake/Camero_VRPNConfig-version.cmake
[4.424s] -- Installing: /home/mona/main_ws/NPRPS_Ros/Camero_VRPN/install/Camero_VRPN/share/Camero_VRPN/package.xml
[4.425s] Invoked command in '/home/mona/main_ws/NPRPS_Ros/Camero_VRPN/build/Camero_VRPN' returned '0': CMAKE_PREFIX_PATH=/opt/ros/galactic /usr/bin/cmake --install /home/mona/main_ws/NPRPS_Ros/Camero_VRPN/build/Camero_VRPN
