[0.055s] Invoking command in '/home/ubuntu/NPRPS_Ros/Camero_VRPN/build/Camero_VRPN': CMAKE_PREFIX_PATH=${CMAKE_PREFIX_PATH}:/opt/ros/galactic /usr/bin/cmake --build /home/ubuntu/NPRPS_Ros/Camero_VRPN/build/Camero_VRPN -- -j4 -l4
[0.241s] [35m[1mScanning dependencies of target move_forward[0m
[0.391s] [ 50%] [32mBuilding CXX object CMakeFiles/move_forward.dir/src/move_forward.cpp.o[0m
[8.483s] [01m[K/home/ubuntu/NPRPS_Ros/Camero_VRPN/src/move_forward.cpp:60:23:[m[K [01;35m[Kwarning: [m[KISO C++ forbids converting a string constant to ‘[01m[Kchar*[m[K’ [[01;35m[K-Wwrite-strings[m[K]
[8.483s]    60 |     char * pub_name = [01;35m[K"/RigidBody3/pose"[m[K;
[8.484s]       |                       [01;35m[K^~~~~~~~~~~~~~~~~~[m[K
[27.614s] [100%] [32m[1mLinking CXX executable move_forward[0m
[29.041s] [100%] Built target move_forward
[29.080s] Invoked command in '/home/ubuntu/NPRPS_Ros/Camero_VRPN/build/Camero_VRPN' returned '0': CMAKE_PREFIX_PATH=${CMAKE_PREFIX_PATH}:/opt/ros/galactic /usr/bin/cmake --build /home/ubuntu/NPRPS_Ros/Camero_VRPN/build/Camero_VRPN -- -j4 -l4
[29.236s] Invoking command in '/home/ubuntu/NPRPS_Ros/Camero_VRPN/build/Camero_VRPN': CMAKE_PREFIX_PATH=${CMAKE_PREFIX_PATH}:/opt/ros/galactic /usr/bin/cmake --install /home/ubuntu/NPRPS_Ros/Camero_VRPN/build/Camero_VRPN
[29.271s] -- Install configuration: ""
[29.272s] -- Installing: /home/ubuntu/NPRPS_Ros/Camero_VRPN/install/Camero_VRPN/lib/Camero_VRPN/move_forward
[29.292s] -- Set runtime path of "/home/ubuntu/NPRPS_Ros/Camero_VRPN/install/Camero_VRPN/lib/Camero_VRPN/move_forward" to ""
[29.292s] -- Up-to-date: /home/ubuntu/NPRPS_Ros/Camero_VRPN/install/Camero_VRPN/share/ament_index/resource_index/package_run_dependencies/Camero_VRPN
[29.293s] -- Up-to-date: /home/ubuntu/NPRPS_Ros/Camero_VRPN/install/Camero_VRPN/share/ament_index/resource_index/parent_prefix_path/Camero_VRPN
[29.293s] -- Up-to-date: /home/ubuntu/NPRPS_Ros/Camero_VRPN/install/Camero_VRPN/share/Camero_VRPN/environment/ament_prefix_path.sh
[29.294s] -- Up-to-date: /home/ubuntu/NPRPS_Ros/Camero_VRPN/install/Camero_VRPN/share/Camero_VRPN/environment/ament_prefix_path.dsv
[29.294s] -- Up-to-date: /home/ubuntu/NPRPS_Ros/Camero_VRPN/install/Camero_VRPN/share/Camero_VRPN/environment/path.sh
[29.295s] -- Up-to-date: /home/ubuntu/NPRPS_Ros/Camero_VRPN/install/Camero_VRPN/share/Camero_VRPN/environment/path.dsv
[29.295s] -- Up-to-date: /home/ubuntu/NPRPS_Ros/Camero_VRPN/install/Camero_VRPN/share/Camero_VRPN/local_setup.bash
[29.295s] -- Up-to-date: /home/ubuntu/NPRPS_Ros/Camero_VRPN/install/Camero_VRPN/share/Camero_VRPN/local_setup.sh
[29.296s] -- Up-to-date: /home/ubuntu/NPRPS_Ros/Camero_VRPN/install/Camero_VRPN/share/Camero_VRPN/local_setup.zsh
[29.296s] -- Up-to-date: /home/ubuntu/NPRPS_Ros/Camero_VRPN/install/Camero_VRPN/share/Camero_VRPN/local_setup.dsv
[29.297s] -- Installing: /home/ubuntu/NPRPS_Ros/Camero_VRPN/install/Camero_VRPN/share/Camero_VRPN/package.dsv
[29.298s] -- Up-to-date: /home/ubuntu/NPRPS_Ros/Camero_VRPN/install/Camero_VRPN/share/ament_index/resource_index/packages/Camero_VRPN
[29.298s] -- Up-to-date: /home/ubuntu/NPRPS_Ros/Camero_VRPN/install/Camero_VRPN/share/Camero_VRPN/cmake/Camero_VRPNConfig.cmake
[29.299s] -- Up-to-date: /home/ubuntu/NPRPS_Ros/Camero_VRPN/install/Camero_VRPN/share/Camero_VRPN/cmake/Camero_VRPNConfig-version.cmake
[29.299s] -- Up-to-date: /home/ubuntu/NPRPS_Ros/Camero_VRPN/install/Camero_VRPN/share/Camero_VRPN/package.xml
[29.306s] Invoked command in '/home/ubuntu/NPRPS_Ros/Camero_VRPN/build/Camero_VRPN' returned '0': CMAKE_PREFIX_PATH=${CMAKE_PREFIX_PATH}:/opt/ros/galactic /usr/bin/cmake --install /home/ubuntu/NPRPS_Ros/Camero_VRPN/build/Camero_VRPN
