[0.010s] Invoking command in '/home/mona/main_ws/NPRPS_Ros/Camero_VRPN/build/Camero_VRPN': CMAKE_PREFIX_PATH=/opt/ros/galactic /usr/bin/cmake --build /home/mona/main_ws/NPRPS_Ros/Camero_VRPN/build/Camero_VRPN -- -j24 -l24
[0.030s] -- Found ament_cmake: 1.1.4 (/opt/ros/galactic/share/ament_cmake/cmake)
[0.047s] -- Using PYTHON_EXECUTABLE: /usr/bin/python3
[0.089s] -- Found rclcpp: 9.2.0 (/opt/ros/galactic/share/rclcpp/cmake)
[0.109s] -- Using all available rosidl_typesupport_c: rosidl_typesupport_fastrtps_c;rosidl_typesupport_introspection_c
[0.110s] -- Found rosidl_adapter: 2.2.1 (/opt/ros/galactic/share/rosidl_adapter/cmake)
[0.201s] -- Using all available rosidl_typesupport_cpp: rosidl_typesupport_fastrtps_cpp;rosidl_typesupport_introspection_cpp
[0.233s] -- Found rmw_implementation_cmake: 3.3.1 (/opt/ros/galactic/share/rmw_implementation_cmake/cmake)
[0.234s] -- Found rmw_cyclonedds_cpp: 0.22.3 (/opt/ros/galactic/share/rmw_cyclonedds_cpp/cmake)
[0.244s] -- Using RMW implementation 'rmw_cyclonedds_cpp' as default
[0.325s] -- Found geometry_msgs: 2.2.3 (/opt/ros/galactic/share/geometry_msgs/cmake)
[0.346s] -- Found ament_lint_auto: 0.10.6 (/opt/ros/galactic/share/ament_lint_auto/cmake)
[0.378s] WARNING: Package name "Camero_VRPN" does not follow the naming conventions. It should start with a lower case letter and only contain lower case letters, digits, underscores, and dashes.
[0.387s] -- Added test 'copyright' to check source files copyright and LICENSE
[0.396s] -- Added test 'cppcheck' to perform static code analysis on C / C++ code
[0.396s] -- Configured cppcheck include dirs: 
[0.396s] -- Configured cppcheck exclude dirs and/or files: 
[0.403s] -- Added test 'cpplint' to check C / C++ code against the Google style
[0.403s] -- Configured cpplint exclude dirs and/or files: 
[0.403s] -- Added test 'flake8' to check Python code syntax and style conventions
[0.405s] -- Added test 'lint_cmake' to check CMake code style
[0.406s] -- Added test 'pep257' to check Python code against some of the style conventions in PEP 257
[0.412s] -- Added test 'uncrustify' to check C / C++ code style
[0.412s] -- Configured uncrustify additional arguments: 
[0.413s] -- Added test 'xmllint' to check XML markup files
[0.415s] CMake Error: The following variables are used in this project, but they are set to NOTFOUND.
[0.415s] Please set them or make sure they are set and tested correctly in the CMake files:
[0.415s] wiringPi_LIB
[0.415s]     linked by target "forward" in directory /home/mona/main_ws/NPRPS_Ros/Camero_VRPN
[0.415s] 
[0.415s] -- Configuring incomplete, errors occurred!
[0.415s] See also "/home/mona/main_ws/NPRPS_Ros/Camero_VRPN/build/Camero_VRPN/CMakeFiles/CMakeOutput.log".
[0.415s] See also "/home/mona/main_ws/NPRPS_Ros/Camero_VRPN/build/Camero_VRPN/CMakeFiles/CMakeError.log".
[0.419s] make: *** [Makefile:266: cmake_check_build_system] Error 1
[0.420s] Invoked command in '/home/mona/main_ws/NPRPS_Ros/Camero_VRPN/build/Camero_VRPN' returned '2': CMAKE_PREFIX_PATH=/opt/ros/galactic /usr/bin/cmake --build /home/mona/main_ws/NPRPS_Ros/Camero_VRPN/build/Camero_VRPN -- -j24 -l24
