[1.208s] DEBUG:colcon:Command line arguments: ['/usr/bin/colcon', 'build', '--parallel-workers', '4']
[1.209s] DEBUG:colcon:Parsed command line arguments: Namespace(ament_cmake_args=None, base_paths=['.'], build_base='build', catkin_cmake_args=None, catkin_skip_building_tests=False, cmake_args=None, cmake_clean_cache=False, cmake_clean_first=False, cmake_force_configure=False, cmake_target=None, cmake_target_skip_unavailable=False, continue_on_error=False, event_handlers=None, executor='parallel', ignore_user_meta=False, install_base='install', log_base=None, log_level=None, main=<bound method BuildVerb.main of <colcon_core.verb.build.BuildVerb object at 0xffffa6fb0910>>, merge_install=False, metas=['./colcon.meta'], packages_above=None, packages_above_and_dependencies=None, packages_above_depth=None, packages_end=None, packages_ignore=None, packages_ignore_regex=None, packages_select=None, packages_select_build_failed=False, packages_select_by_dep=None, packages_select_regex=None, packages_select_test_failures=False, packages_skip=None, packages_skip_build_finished=False, packages_skip_by_dep=None, packages_skip_regex=None, packages_skip_test_passed=False, packages_skip_up_to=None, packages_start=None, packages_up_to=None, packages_up_to_regex=None, parallel_workers=4, paths=None, symlink_install=False, test_result_base=None, verb_extension=<colcon_core.verb.build.BuildVerb object at 0xffffa6fb0910>, verb_name='build', verb_parser=<colcon_defaults.argument_parser.defaults.DefaultArgumentsDecorator object at 0xffffa6fb0e80>)
[1.231s] Level 1:colcon.colcon_core.package_discovery:discover_packages(colcon_meta) check parameters
[1.232s] Level 1:colcon.colcon_core.package_discovery:discover_packages(recursive) check parameters
[1.232s] Level 1:colcon.colcon_core.package_discovery:discover_packages(ignore) check parameters
[1.232s] Level 1:colcon.colcon_core.package_discovery:discover_packages(path) check parameters
[1.232s] Level 1:colcon.colcon_core.package_discovery:discover_packages(colcon_meta) discover
[1.232s] Level 1:colcon.colcon_core.package_discovery:discover_packages(recursive) discover
[1.233s] INFO:colcon.colcon_core.package_discovery:Crawling recursively for packages in '/home/ubuntu/NPRPS_Ros/Camero_VRPN'
[1.233s] Level 1:colcon.colcon_core.package_identification:_identify(.) by extensions ['ignore', 'ignore_ament_install']
[1.233s] Level 1:colcon.colcon_core.package_identification:_identify(.) by extension 'ignore'
[1.234s] Level 1:colcon.colcon_core.package_identification:_identify(.) by extension 'ignore_ament_install'
[1.234s] Level 1:colcon.colcon_core.package_identification:_identify(.) by extensions ['colcon_pkg']
[1.234s] Level 1:colcon.colcon_core.package_identification:_identify(.) by extension 'colcon_pkg'
[1.234s] Level 1:colcon.colcon_core.package_identification:_identify(.) by extensions ['colcon_meta']
[1.234s] Level 1:colcon.colcon_core.package_identification:_identify(.) by extension 'colcon_meta'
[1.235s] Level 1:colcon.colcon_core.package_identification:_identify(.) by extensions ['ros']
[1.235s] Level 1:colcon.colcon_core.package_identification:_identify(.) by extension 'ros'
[1.288s] DEBUG:colcon.colcon_core.package_identification:Package '.' with type 'ros.ament_cmake' and name 'Camero_VRPN'
[1.288s] Level 1:colcon.colcon_core.package_discovery:discover_packages(recursive) using defaults
[1.288s] Level 1:colcon.colcon_core.package_discovery:discover_packages(ignore) discover
[1.288s] Level 1:colcon.colcon_core.package_discovery:discover_packages(ignore) using defaults
[1.289s] Level 1:colcon.colcon_core.package_discovery:discover_packages(path) discover
[1.289s] Level 1:colcon.colcon_core.package_discovery:discover_packages(path) using defaults
[1.368s] Level 5:colcon.colcon_core.verb:set package 'Camero_VRPN' build argument 'cmake_args' from command line to 'None'
[1.368s] Level 5:colcon.colcon_core.verb:set package 'Camero_VRPN' build argument 'cmake_target' from command line to 'None'
[1.368s] Level 5:colcon.colcon_core.verb:set package 'Camero_VRPN' build argument 'cmake_target_skip_unavailable' from command line to 'False'
[1.368s] Level 5:colcon.colcon_core.verb:set package 'Camero_VRPN' build argument 'cmake_clean_cache' from command line to 'False'
[1.369s] Level 5:colcon.colcon_core.verb:set package 'Camero_VRPN' build argument 'cmake_clean_first' from command line to 'False'
[1.369s] Level 5:colcon.colcon_core.verb:set package 'Camero_VRPN' build argument 'cmake_force_configure' from command line to 'False'
[1.369s] Level 5:colcon.colcon_core.verb:set package 'Camero_VRPN' build argument 'ament_cmake_args' from command line to 'None'
[1.369s] Level 5:colcon.colcon_core.verb:set package 'Camero_VRPN' build argument 'catkin_cmake_args' from command line to 'None'
[1.369s] Level 5:colcon.colcon_core.verb:set package 'Camero_VRPN' build argument 'catkin_skip_building_tests' from command line to 'False'
[1.369s] DEBUG:colcon.colcon_core.verb:Building package 'Camero_VRPN' with the following arguments: {'ament_cmake_args': None, 'build_base': '/home/ubuntu/NPRPS_Ros/Camero_VRPN/build/Camero_VRPN', 'catkin_cmake_args': None, 'catkin_skip_building_tests': False, 'cmake_args': None, 'cmake_clean_cache': False, 'cmake_clean_first': False, 'cmake_force_configure': False, 'cmake_target': None, 'cmake_target_skip_unavailable': False, 'install_base': '/home/ubuntu/NPRPS_Ros/Camero_VRPN/install/Camero_VRPN', 'merge_install': False, 'path': '/home/ubuntu/NPRPS_Ros/Camero_VRPN', 'symlink_install': False, 'test_result_base': None}
[1.370s] INFO:colcon.colcon_core.executor:Executing jobs using 'parallel' executor
[1.378s] DEBUG:colcon.colcon_parallel_executor.executor.parallel:run_until_complete
[1.379s] INFO:colcon.colcon_ros.task.ament_cmake.build:Building ROS package in '/home/ubuntu/NPRPS_Ros/Camero_VRPN' with build type 'ament_cmake'
[1.379s] INFO:colcon.colcon_cmake.task.cmake.build:Building CMake package in '/home/ubuntu/NPRPS_Ros/Camero_VRPN'
[1.394s] INFO:colcon.colcon_core.plugin_system:Skipping extension 'colcon_core.shell.bat': Not used on non-Windows systems
[1.395s] INFO:colcon.colcon_core.shell:Skip shell extension 'powershell' for command environment: Not usable outside of PowerShell
[1.395s] DEBUG:colcon.colcon_core.shell:Skip shell extension 'dsv' for command environment
[1.406s] DEBUG:colcon.colcon_core.shell:Ignoring prefix path '/opt/ros/galactic'
[1.435s] DEBUG:colcon.colcon_core.event_handler.log_command:Invoking command in '/home/ubuntu/NPRPS_Ros/Camero_VRPN/build/Camero_VRPN': CMAKE_PREFIX_PATH=${CMAKE_PREFIX_PATH}:/opt/ros/galactic /usr/bin/cmake --build /home/ubuntu/NPRPS_Ros/Camero_VRPN/build/Camero_VRPN -- -j4 -l4
[30.460s] DEBUG:colcon.colcon_core.event_handler.log_command:Invoked command in '/home/ubuntu/NPRPS_Ros/Camero_VRPN/build/Camero_VRPN' returned '0': CMAKE_PREFIX_PATH=${CMAKE_PREFIX_PATH}:/opt/ros/galactic /usr/bin/cmake --build /home/ubuntu/NPRPS_Ros/Camero_VRPN/build/Camero_VRPN -- -j4 -l4
[30.617s] DEBUG:colcon.colcon_core.event_handler.log_command:Invoking command in '/home/ubuntu/NPRPS_Ros/Camero_VRPN/build/Camero_VRPN': CMAKE_PREFIX_PATH=${CMAKE_PREFIX_PATH}:/opt/ros/galactic /usr/bin/cmake --install /home/ubuntu/NPRPS_Ros/Camero_VRPN/build/Camero_VRPN
[30.683s] Level 1:colcon.colcon_core.environment:create_environment_scripts_only(Camero_VRPN)
[30.686s] DEBUG:colcon.colcon_core.event_handler.log_command:Invoked command in '/home/ubuntu/NPRPS_Ros/Camero_VRPN/build/Camero_VRPN' returned '0': CMAKE_PREFIX_PATH=${CMAKE_PREFIX_PATH}:/opt/ros/galactic /usr/bin/cmake --install /home/ubuntu/NPRPS_Ros/Camero_VRPN/build/Camero_VRPN
[30.701s] Level 1:colcon.colcon_core.environment:checking '/home/ubuntu/NPRPS_Ros/Camero_VRPN/install/Camero_VRPN' for CMake module files
[30.704s] Level 1:colcon.colcon_core.environment:checking '/home/ubuntu/NPRPS_Ros/Camero_VRPN/install/Camero_VRPN' for CMake config files
[30.705s] Level 1:colcon.colcon_core.shell:create_environment_hook('Camero_VRPN', 'cmake_prefix_path')
[30.707s] INFO:colcon.colcon_core.shell:Creating environment hook '/home/ubuntu/NPRPS_Ros/Camero_VRPN/install/Camero_VRPN/share/Camero_VRPN/hook/cmake_prefix_path.ps1'
[30.710s] INFO:colcon.colcon_core.shell:Creating environment descriptor '/home/ubuntu/NPRPS_Ros/Camero_VRPN/install/Camero_VRPN/share/Camero_VRPN/hook/cmake_prefix_path.dsv'
[30.713s] INFO:colcon.colcon_core.shell:Creating environment hook '/home/ubuntu/NPRPS_Ros/Camero_VRPN/install/Camero_VRPN/share/Camero_VRPN/hook/cmake_prefix_path.sh'
[30.717s] Level 1:colcon.colcon_core.environment:checking '/home/ubuntu/NPRPS_Ros/Camero_VRPN/install/Camero_VRPN/lib'
[30.717s] Level 1:colcon.colcon_core.environment:checking '/home/ubuntu/NPRPS_Ros/Camero_VRPN/install/Camero_VRPN/bin'
[30.718s] Level 1:colcon.colcon_core.environment:checking '/home/ubuntu/NPRPS_Ros/Camero_VRPN/install/Camero_VRPN/lib/pkgconfig/Camero_VRPN.pc'
[30.718s] Level 1:colcon.colcon_core.environment:checking '/home/ubuntu/NPRPS_Ros/Camero_VRPN/install/Camero_VRPN/lib/python3.8/site-packages'
[30.721s] INFO:colcon.colcon_core.shell:Creating package script '/home/ubuntu/NPRPS_Ros/Camero_VRPN/install/Camero_VRPN/share/Camero_VRPN/package.ps1'
[30.724s] INFO:colcon.colcon_core.shell:Creating package descriptor '/home/ubuntu/NPRPS_Ros/Camero_VRPN/install/Camero_VRPN/share/Camero_VRPN/package.dsv'
[30.726s] INFO:colcon.colcon_core.shell:Creating package script '/home/ubuntu/NPRPS_Ros/Camero_VRPN/install/Camero_VRPN/share/Camero_VRPN/package.sh'
[30.730s] INFO:colcon.colcon_core.shell:Creating package script '/home/ubuntu/NPRPS_Ros/Camero_VRPN/install/Camero_VRPN/share/Camero_VRPN/package.bash'
[30.733s] INFO:colcon.colcon_core.shell:Creating package script '/home/ubuntu/NPRPS_Ros/Camero_VRPN/install/Camero_VRPN/share/Camero_VRPN/package.zsh'
[30.736s] Level 1:colcon.colcon_core.environment:create_file_with_runtime_dependencies(/home/ubuntu/NPRPS_Ros/Camero_VRPN/install/Camero_VRPN/share/colcon-core/packages/Camero_VRPN)
[30.840s] Level 1:colcon.colcon_core.environment:create_environment_scripts_only(Camero_VRPN)
[30.844s] Level 1:colcon.colcon_core.environment:checking '/home/ubuntu/NPRPS_Ros/Camero_VRPN/install/Camero_VRPN' for CMake module files
[30.847s] Level 1:colcon.colcon_core.environment:checking '/home/ubuntu/NPRPS_Ros/Camero_VRPN/install/Camero_VRPN' for CMake config files
[30.849s] Level 1:colcon.colcon_core.shell:create_environment_hook('Camero_VRPN', 'cmake_prefix_path')
[30.851s] INFO:colcon.colcon_core.shell:Creating environment hook '/home/ubuntu/NPRPS_Ros/Camero_VRPN/install/Camero_VRPN/share/Camero_VRPN/hook/cmake_prefix_path.ps1'
[30.854s] INFO:colcon.colcon_core.shell:Creating environment descriptor '/home/ubuntu/NPRPS_Ros/Camero_VRPN/install/Camero_VRPN/share/Camero_VRPN/hook/cmake_prefix_path.dsv'
[30.855s] INFO:colcon.colcon_core.shell:Creating environment hook '/home/ubuntu/NPRPS_Ros/Camero_VRPN/install/Camero_VRPN/share/Camero_VRPN/hook/cmake_prefix_path.sh'
[30.858s] Level 1:colcon.colcon_core.environment:checking '/home/ubuntu/NPRPS_Ros/Camero_VRPN/install/Camero_VRPN/lib'
[30.858s] Level 1:colcon.colcon_core.environment:checking '/home/ubuntu/NPRPS_Ros/Camero_VRPN/install/Camero_VRPN/bin'
[30.859s] Level 1:colcon.colcon_core.environment:checking '/home/ubuntu/NPRPS_Ros/Camero_VRPN/install/Camero_VRPN/lib/pkgconfig/Camero_VRPN.pc'
[30.859s] Level 1:colcon.colcon_core.environment:checking '/home/ubuntu/NPRPS_Ros/Camero_VRPN/install/Camero_VRPN/lib/python3.8/site-packages'
[30.861s] INFO:colcon.colcon_core.shell:Creating package script '/home/ubuntu/NPRPS_Ros/Camero_VRPN/install/Camero_VRPN/share/Camero_VRPN/package.ps1'
[30.864s] INFO:colcon.colcon_core.shell:Creating package descriptor '/home/ubuntu/NPRPS_Ros/Camero_VRPN/install/Camero_VRPN/share/Camero_VRPN/package.dsv'
[30.866s] INFO:colcon.colcon_core.shell:Creating package script '/home/ubuntu/NPRPS_Ros/Camero_VRPN/install/Camero_VRPN/share/Camero_VRPN/package.sh'
[30.868s] INFO:colcon.colcon_core.shell:Creating package script '/home/ubuntu/NPRPS_Ros/Camero_VRPN/install/Camero_VRPN/share/Camero_VRPN/package.bash'
[30.870s] INFO:colcon.colcon_core.shell:Creating package script '/home/ubuntu/NPRPS_Ros/Camero_VRPN/install/Camero_VRPN/share/Camero_VRPN/package.zsh'
[30.871s] Level 1:colcon.colcon_core.environment:create_file_with_runtime_dependencies(/home/ubuntu/NPRPS_Ros/Camero_VRPN/install/Camero_VRPN/share/colcon-core/packages/Camero_VRPN)
[30.873s] DEBUG:colcon.colcon_parallel_executor.executor.parallel:closing loop
[30.874s] DEBUG:colcon.colcon_parallel_executor.executor.parallel:loop closed
[30.874s] DEBUG:colcon.colcon_parallel_executor.executor.parallel:run_until_complete finished with '0'
[30.875s] DEBUG:colcon.colcon_core.event_reactor:joining thread
[30.898s] INFO:colcon.colcon_core.plugin_system:Skipping extension 'colcon_notification.desktop_notification.notify_send': Could not find 'notify-send'
[30.899s] INFO:colcon.colcon_core.plugin_system:Skipping extension 'colcon_notification.desktop_notification.terminal_notifier': Not used on non-Darwin systems
[30.899s] INFO:colcon.colcon_core.plugin_system:Skipping extension 'colcon_notification.desktop_notification.win32': Not used on non-Windows systems
[30.899s] INFO:colcon.colcon_notification.desktop_notification:Sending desktop notification using 'notify2'
[30.902s] DEBUG:colcon.colcon_notification.desktop_notification.notify2:Failed to initialize notify2: org.freedesktop.DBus.Error.ServiceUnknown: The name org.freedesktop.Notifications was not provided by any .service files
[30.902s] DEBUG:colcon.colcon_core.event_reactor:joined thread
[30.904s] INFO:colcon.colcon_core.shell:Creating prefix script '/home/ubuntu/NPRPS_Ros/Camero_VRPN/install/local_setup.ps1'
[30.908s] INFO:colcon.colcon_core.shell:Creating prefix util module '/home/ubuntu/NPRPS_Ros/Camero_VRPN/install/_local_setup_util_ps1.py'
[30.914s] INFO:colcon.colcon_core.shell:Creating prefix chain script '/home/ubuntu/NPRPS_Ros/Camero_VRPN/install/setup.ps1'
[30.924s] INFO:colcon.colcon_core.shell:Creating prefix script '/home/ubuntu/NPRPS_Ros/Camero_VRPN/install/local_setup.sh'
[30.927s] INFO:colcon.colcon_core.shell:Creating prefix util module '/home/ubuntu/NPRPS_Ros/Camero_VRPN/install/_local_setup_util_sh.py'
[30.929s] INFO:colcon.colcon_core.shell:Creating prefix chain script '/home/ubuntu/NPRPS_Ros/Camero_VRPN/install/setup.sh'
[30.938s] INFO:colcon.colcon_core.shell:Creating prefix script '/home/ubuntu/NPRPS_Ros/Camero_VRPN/install/local_setup.bash'
[30.940s] INFO:colcon.colcon_core.shell:Creating prefix chain script '/home/ubuntu/NPRPS_Ros/Camero_VRPN/install/setup.bash'
[30.949s] INFO:colcon.colcon_core.shell:Creating prefix script '/home/ubuntu/NPRPS_Ros/Camero_VRPN/install/local_setup.zsh'
[30.951s] INFO:colcon.colcon_core.shell:Creating prefix chain script '/home/ubuntu/NPRPS_Ros/Camero_VRPN/install/setup.zsh'
