-- Found ament_cmake: 1.1.4 (/opt/ros/galactic/share/ament_cmake/cmake)
-- Found PythonInterp: /usr/bin/python3 (found suitable version "3.8.10", minimum required is "3") 
-- Using PYTHON_EXECUTABLE: /usr/bin/python3
-- Found rclcpp: 9.2.0 (/opt/ros/galactic/share/rclcpp/cmake)
-- Using single rosidl_typesupport_c: rosidl_typesupport_introspection_c
-- Found rosidl_adapter: 2.2.1 (/opt/ros/galactic/share/rosidl_adapter/cmake)
-- Using single rosidl_typesupport_cpp: rosidl_typesupport_introspection_cpp
-- Found rmw_implementation_cmake: 3.3.1 (/opt/ros/galactic/share/rmw_implementation_cmake/cmake)
-- Found rmw_cyclonedds_cpp: 0.22.3 (/opt/ros/galactic/share/rmw_cyclonedds_cpp/cmake)
-- Using RMW implementation 'rmw_cyclonedds_cpp' as default
-- Looking for pthread.h
-- Looking for pthread.h - found
-- Performing Test CMAKE_HAVE_LIBC_PTHREAD
-- Performing Test CMAKE_HAVE_LIBC_PTHREAD - Failed
-- Looking for pthread_create in pthreads
-- Looking for pthread_create in pthreads - not found
-- Looking for pthread_create in pthread
-- Looking for pthread_create in pthread - found
-- Found Threads: TRUE  
-- Found geometry_msgs: 2.2.3 (/opt/ros/galactic/share/geometry_msgs/cmake)
-- Found ament_lint_auto: 0.10.6 (/opt/ros/galactic/share/ament_lint_auto/cmake)
WARNING: Package name "Camero_VRPN" does not follow the naming conventions. It should start with a lower case letter and only contain lower case letters, digits, underscores, and dashes.
-- Added test 'copyright' to check source files copyright and LICENSE
-- Added test 'cppcheck' to perform static code analysis on C / C++ code
-- Configured cppcheck include dirs: 
-- Configured cppcheck exclude dirs and/or files: 
-- Added test 'cpplint' to check C / C++ code against the Google style
-- Configured cpplint exclude dirs and/or files: 
-- Added test 'flake8' to check Python code syntax and style conventions
-- Added test 'lint_cmake' to check CMake code style
-- Added test 'pep257' to check Python code against some of the style conventions in PEP 257
-- Added test 'uncrustify' to check C / C++ code style
-- Configured uncrustify additional arguments: 
-- Added test 'xmllint' to check XML markup files
-- Configuring done
-- Generating done
-- Build files have been written to: /home/ubuntu/NPRPS_Ros/Camero_VRPN/build/Camero_VRPN
[35m[1mScanning dependencies of target move_forward[0m
[ 50%] [32mBuilding CXX object CMakeFiles/move_forward.dir/src/move_forward.cpp.o[0m
[01m[K/home/ubuntu/NPRPS_Ros/Camero_VRPN/src/move_forward.cpp:59:23:[m[K [01;35m[Kwarning: [m[KISO C++ forbids converting a string constant to ‘[01m[Kchar*[m[K’ [[01;35m[K-Wwrite-strings[m[K]
   59 |     char * pub_name = [01;35m[K"/RigidBody3/pose"[m[K;
      |                       [01;35m[K^~~~~~~~~~~~~~~~~~[m[K
[100%] [32m[1mLinking CXX executable move_forward[0m
[100%] Built target move_forward
-- Install configuration: ""
-- Installing: /home/ubuntu/NPRPS_Ros/Camero_VRPN/install/Camero_VRPN/lib/Camero_VRPN/move_forward
-- Set runtime path of "/home/ubuntu/NPRPS_Ros/Camero_VRPN/install/Camero_VRPN/lib/Camero_VRPN/move_forward" to ""
-- Installing: /home/ubuntu/NPRPS_Ros/Camero_VRPN/install/Camero_VRPN/share/ament_index/resource_index/package_run_dependencies/Camero_VRPN
-- Installing: /home/ubuntu/NPRPS_Ros/Camero_VRPN/install/Camero_VRPN/share/ament_index/resource_index/parent_prefix_path/Camero_VRPN
-- Installing: /home/ubuntu/NPRPS_Ros/Camero_VRPN/install/Camero_VRPN/share/Camero_VRPN/environment/ament_prefix_path.sh
-- Installing: /home/ubuntu/NPRPS_Ros/Camero_VRPN/install/Camero_VRPN/share/Camero_VRPN/environment/ament_prefix_path.dsv
-- Installing: /home/ubuntu/NPRPS_Ros/Camero_VRPN/install/Camero_VRPN/share/Camero_VRPN/environment/path.sh
-- Installing: /home/ubuntu/NPRPS_Ros/Camero_VRPN/install/Camero_VRPN/share/Camero_VRPN/environment/path.dsv
-- Installing: /home/ubuntu/NPRPS_Ros/Camero_VRPN/install/Camero_VRPN/share/Camero_VRPN/local_setup.bash
-- Installing: /home/ubuntu/NPRPS_Ros/Camero_VRPN/install/Camero_VRPN/share/Camero_VRPN/local_setup.sh
-- Installing: /home/ubuntu/NPRPS_Ros/Camero_VRPN/install/Camero_VRPN/share/Camero_VRPN/local_setup.zsh
-- Installing: /home/ubuntu/NPRPS_Ros/Camero_VRPN/install/Camero_VRPN/share/Camero_VRPN/local_setup.dsv
-- Installing: /home/ubuntu/NPRPS_Ros/Camero_VRPN/install/Camero_VRPN/share/Camero_VRPN/package.dsv
-- Installing: /home/ubuntu/NPRPS_Ros/Camero_VRPN/install/Camero_VRPN/share/ament_index/resource_index/packages/Camero_VRPN
-- Installing: /home/ubuntu/NPRPS_Ros/Camero_VRPN/install/Camero_VRPN/share/Camero_VRPN/cmake/Camero_VRPNConfig.cmake
-- Installing: /home/ubuntu/NPRPS_Ros/Camero_VRPN/install/Camero_VRPN/share/Camero_VRPN/cmake/Camero_VRPNConfig-version.cmake
-- Installing: /home/ubuntu/NPRPS_Ros/Camero_VRPN/install/Camero_VRPN/share/Camero_VRPN/package.xml
