[0.062s] Invoking command in '/home/ubuntu/NPRPS_Ros/Camero_VRPN/build/Camero_VRPN': /usr/bin/cmake /home/ubuntu/NPRPS_Ros/Camero_VRPN -DCMAKE_INSTALL_PREFIX=/home/ubuntu/NPRPS_Ros/Camero_VRPN/install/Camero_VRPN
[2.326s] -- The C compiler identification is GNU 9.3.0
[3.088s] -- The CXX compiler identification is GNU 9.3.0
[3.120s] -- Check for working C compiler: /usr/bin/cc
[3.443s] -- Check for working C compiler: /usr/bin/cc -- works
[3.450s] -- Detecting C compiler ABI info
[3.726s] -- Detecting C compiler ABI info - done
[3.771s] -- Detecting C compile features
[3.773s] -- Detecting C compile features - done
[3.787s] -- Check for working CXX compiler: /usr/bin/c++
[4.096s] -- Check for working CXX compiler: /usr/bin/c++ -- works
[4.100s] -- Detecting CXX compiler ABI info
[4.416s] -- Detecting CXX compiler ABI info - done
[4.459s] -- Detecting CXX compile features
[4.461s] -- Detecting CXX compile features - done
[4.533s] CMake Error at CMakeLists.txt:10 (find_package):
[4.533s]   By not providing "Findament_cmake.cmake" in CMAKE_MODULE_PATH this project
[4.533s]   has asked CMake to find a package configuration file provided by
[4.534s]   "ament_cmake", but CMake did not find one.
[4.534s] 
[4.534s]   Could not find a package configuration file provided by "ament_cmake" with
[4.534s]   any of the following names:
[4.535s] 
[4.535s]     ament_cmakeConfig.cmake
[4.536s]     ament_cmake-config.cmake
[4.536s] 
[4.537s]   Add the installation prefix of "ament_cmake" to CMAKE_PREFIX_PATH or set
[4.537s]   "ament_cmake_DIR" to a directory containing one of the above files.  If
[4.537s]   "ament_cmake" provides a separate development package or SDK, be sure it
[4.538s]   has been installed.
[4.539s] 
[4.539s] 
[4.540s] -- Configuring incomplete, errors occurred!
[4.540s] See also "/home/ubuntu/NPRPS_Ros/Camero_VRPN/build/Camero_VRPN/CMakeFiles/CMakeOutput.log".
[4.544s] Invoked command in '/home/ubuntu/NPRPS_Ros/Camero_VRPN/build/Camero_VRPN' returned '1': /usr/bin/cmake /home/ubuntu/NPRPS_Ros/Camero_VRPN -DCMAKE_INSTALL_PREFIX=/home/ubuntu/NPRPS_Ros/Camero_VRPN/install/Camero_VRPN
