[0.177s] DEBUG:colcon:Command line arguments: ['/usr/bin/colcon', 'build']
[0.177s] DEBUG:colcon:Parsed command line arguments: Namespace(ament_cmake_args=None, base_paths=['.'], build_base='build', catkin_cmake_args=None, catkin_skip_building_tests=False, cmake_args=None, cmake_clean_cache=False, cmake_clean_first=False, cmake_force_configure=False, cmake_target=None, cmake_target_skip_unavailable=False, continue_on_error=False, event_handlers=None, executor='parallel', ignore_user_meta=False, install_base='install', log_base=None, log_level=None, main=<bound method BuildVerb.main of <colcon_core.verb.build.BuildVerb object at 0x7effef761160>>, merge_install=False, metas=['./colcon.meta'], packages_above=None, packages_above_and_dependencies=None, packages_above_depth=None, packages_end=None, packages_ignore=None, packages_ignore_regex=None, packages_select=None, packages_select_build_failed=False, packages_select_by_dep=None, packages_select_regex=None, packages_select_test_failures=False, packages_skip=None, packages_skip_build_finished=False, packages_skip_by_dep=None, packages_skip_regex=None, packages_skip_test_passed=False, packages_skip_up_to=None, packages_start=None, packages_up_to=None, packages_up_to_regex=None, parallel_workers=24, paths=None, symlink_install=False, test_result_base=None, verb_extension=<colcon_core.verb.build.BuildVerb object at 0x7effef761160>, verb_name='build', verb_parser=<colcon_defaults.argument_parser.defaults.DefaultArgumentsDecorator object at 0x7effef7616a0>)
[0.181s] Level 1:colcon.colcon_core.package_discovery:discover_packages(colcon_meta) check parameters
[0.181s] Level 1:colcon.colcon_core.package_discovery:discover_packages(recursive) check parameters
[0.182s] Level 1:colcon.colcon_core.package_discovery:discover_packages(ignore) check parameters
[0.182s] Level 1:colcon.colcon_core.package_discovery:discover_packages(path) check parameters
[0.182s] Level 1:colcon.colcon_core.package_discovery:discover_packages(colcon_meta) discover
[0.182s] Level 1:colcon.colcon_core.package_discovery:discover_packages(recursive) discover
[0.182s] INFO:colcon.colcon_core.package_discovery:Crawling recursively for packages in '/home/mona/main_ws/NPRPS_Ros/Camero_VRPN'
[0.182s] Level 1:colcon.colcon_core.package_identification:_identify(.) by extensions ['ignore', 'ignore_ament_install']
[0.182s] Level 1:colcon.colcon_core.package_identification:_identify(.) by extension 'ignore'
[0.182s] Level 1:colcon.colcon_core.package_identification:_identify(.) by extension 'ignore_ament_install'
[0.182s] Level 1:colcon.colcon_core.package_identification:_identify(.) by extensions ['colcon_pkg']
[0.182s] Level 1:colcon.colcon_core.package_identification:_identify(.) by extension 'colcon_pkg'
[0.182s] Level 1:colcon.colcon_core.package_identification:_identify(.) by extensions ['colcon_meta']
[0.182s] Level 1:colcon.colcon_core.package_identification:_identify(.) by extension 'colcon_meta'
[0.182s] Level 1:colcon.colcon_core.package_identification:_identify(.) by extensions ['ros']
[0.182s] Level 1:colcon.colcon_core.package_identification:_identify(.) by extension 'ros'
[0.193s] DEBUG:colcon.colcon_core.package_identification:Package '.' with type 'ros.ament_cmake' and name 'Camero_VRPN'
[0.193s] Level 1:colcon.colcon_core.package_discovery:discover_packages(recursive) using defaults
[0.193s] Level 1:colcon.colcon_core.package_discovery:discover_packages(ignore) discover
[0.193s] Level 1:colcon.colcon_core.package_discovery:discover_packages(ignore) using defaults
[0.193s] Level 1:colcon.colcon_core.package_discovery:discover_packages(path) discover
[0.193s] Level 1:colcon.colcon_core.package_discovery:discover_packages(path) using defaults
[0.204s] Level 5:colcon.colcon_core.verb:set package 'Camero_VRPN' build argument 'cmake_args' from command line to 'None'
[0.204s] Level 5:colcon.colcon_core.verb:set package 'Camero_VRPN' build argument 'cmake_target' from command line to 'None'
[0.204s] Level 5:colcon.colcon_core.verb:set package 'Camero_VRPN' build argument 'cmake_target_skip_unavailable' from command line to 'False'
[0.204s] Level 5:colcon.colcon_core.verb:set package 'Camero_VRPN' build argument 'cmake_clean_cache' from command line to 'False'
[0.204s] Level 5:colcon.colcon_core.verb:set package 'Camero_VRPN' build argument 'cmake_clean_first' from command line to 'False'
[0.204s] Level 5:colcon.colcon_core.verb:set package 'Camero_VRPN' build argument 'cmake_force_configure' from command line to 'False'
[0.204s] Level 5:colcon.colcon_core.verb:set package 'Camero_VRPN' build argument 'ament_cmake_args' from command line to 'None'
[0.204s] Level 5:colcon.colcon_core.verb:set package 'Camero_VRPN' build argument 'catkin_cmake_args' from command line to 'None'
[0.204s] Level 5:colcon.colcon_core.verb:set package 'Camero_VRPN' build argument 'catkin_skip_building_tests' from command line to 'False'
[0.204s] DEBUG:colcon.colcon_core.verb:Building package 'Camero_VRPN' with the following arguments: {'ament_cmake_args': None, 'build_base': '/home/mona/main_ws/NPRPS_Ros/Camero_VRPN/build/Camero_VRPN', 'catkin_cmake_args': None, 'catkin_skip_building_tests': False, 'cmake_args': None, 'cmake_clean_cache': False, 'cmake_clean_first': False, 'cmake_force_configure': False, 'cmake_target': None, 'cmake_target_skip_unavailable': False, 'install_base': '/home/mona/main_ws/NPRPS_Ros/Camero_VRPN/install/Camero_VRPN', 'merge_install': False, 'path': '/home/mona/main_ws/NPRPS_Ros/Camero_VRPN', 'symlink_install': False, 'test_result_base': None}
[0.204s] INFO:colcon.colcon_core.executor:Executing jobs using 'parallel' executor
[0.205s] DEBUG:colcon.colcon_parallel_executor.executor.parallel:run_until_complete
[0.205s] INFO:colcon.colcon_ros.task.ament_cmake.build:Building ROS package in '/home/mona/main_ws/NPRPS_Ros/Camero_VRPN' with build type 'ament_cmake'
[0.205s] INFO:colcon.colcon_cmake.task.cmake.build:Building CMake package in '/home/mona/main_ws/NPRPS_Ros/Camero_VRPN'
[0.207s] INFO:colcon.colcon_core.plugin_system:Skipping extension 'colcon_core.shell.bat': Not used on non-Windows systems
[0.208s] INFO:colcon.colcon_core.shell:Skip shell extension 'powershell' for command environment: Not usable outside of PowerShell
[0.208s] DEBUG:colcon.colcon_core.shell:Skip shell extension 'dsv' for command environment
[0.209s] DEBUG:colcon.colcon_core.shell:Ignoring prefix path '/opt/ros/galactic'
[0.216s] DEBUG:colcon.colcon_core.event_handler.log_command:Invoking command in '/home/mona/main_ws/NPRPS_Ros/Camero_VRPN/build/Camero_VRPN': CMAKE_PREFIX_PATH=/opt/ros/galactic /usr/bin/cmake /home/mona/main_ws/NPRPS_Ros/Camero_VRPN -DCMAKE_INSTALL_PREFIX=/home/mona/main_ws/NPRPS_Ros/Camero_VRPN/install/Camero_VRPN
[1.240s] DEBUG:colcon.colcon_core.event_handler.log_command:Invoked command in '/home/mona/main_ws/NPRPS_Ros/Camero_VRPN/build/Camero_VRPN' returned '0': CMAKE_PREFIX_PATH=/opt/ros/galactic /usr/bin/cmake /home/mona/main_ws/NPRPS_Ros/Camero_VRPN -DCMAKE_INSTALL_PREFIX=/home/mona/main_ws/NPRPS_Ros/Camero_VRPN/install/Camero_VRPN
[1.242s] DEBUG:colcon.colcon_core.event_handler.log_command:Invoking command in '/home/mona/main_ws/NPRPS_Ros/Camero_VRPN/build/Camero_VRPN': CMAKE_PREFIX_PATH=/opt/ros/galactic /usr/bin/cmake --build /home/mona/main_ws/NPRPS_Ros/Camero_VRPN/build/Camero_VRPN -- -j24 -l24
[1.369s] DEBUG:colcon.colcon_core.event_handler.log_command:Invoked command in '/home/mona/main_ws/NPRPS_Ros/Camero_VRPN/build/Camero_VRPN' returned '2': CMAKE_PREFIX_PATH=/opt/ros/galactic /usr/bin/cmake --build /home/mona/main_ws/NPRPS_Ros/Camero_VRPN/build/Camero_VRPN -- -j24 -l24
[1.384s] Level 1:colcon.colcon_core.environment:create_environment_scripts_only(Camero_VRPN)
[1.386s] Level 1:colcon.colcon_core.environment:checking '/home/mona/main_ws/NPRPS_Ros/Camero_VRPN/install/Camero_VRPN' for CMake module files
[1.387s] Level 1:colcon.colcon_core.environment:checking '/home/mona/main_ws/NPRPS_Ros/Camero_VRPN/install/Camero_VRPN' for CMake config files
[1.387s] Level 1:colcon.colcon_core.environment:checking '/home/mona/main_ws/NPRPS_Ros/Camero_VRPN/install/Camero_VRPN/bin'
[1.387s] Level 1:colcon.colcon_core.environment:checking '/home/mona/main_ws/NPRPS_Ros/Camero_VRPN/install/Camero_VRPN/lib/pkgconfig/Camero_VRPN.pc'
[1.387s] Level 1:colcon.colcon_core.environment:checking '/home/mona/main_ws/NPRPS_Ros/Camero_VRPN/install/Camero_VRPN/lib/python3.8/site-packages'
[1.388s] INFO:colcon.colcon_core.shell:Creating package script '/home/mona/main_ws/NPRPS_Ros/Camero_VRPN/install/Camero_VRPN/share/Camero_VRPN/package.ps1'
[1.389s] INFO:colcon.colcon_core.shell:Creating package descriptor '/home/mona/main_ws/NPRPS_Ros/Camero_VRPN/install/Camero_VRPN/share/Camero_VRPN/package.dsv'
[1.389s] INFO:colcon.colcon_core.shell:Creating package script '/home/mona/main_ws/NPRPS_Ros/Camero_VRPN/install/Camero_VRPN/share/Camero_VRPN/package.sh'
[1.390s] INFO:colcon.colcon_core.shell:Creating package script '/home/mona/main_ws/NPRPS_Ros/Camero_VRPN/install/Camero_VRPN/share/Camero_VRPN/package.bash'
[1.391s] INFO:colcon.colcon_core.shell:Creating package script '/home/mona/main_ws/NPRPS_Ros/Camero_VRPN/install/Camero_VRPN/share/Camero_VRPN/package.zsh'
[1.392s] Level 1:colcon.colcon_core.environment:create_file_with_runtime_dependencies(/home/mona/main_ws/NPRPS_Ros/Camero_VRPN/install/Camero_VRPN/share/colcon-core/packages/Camero_VRPN)
[1.402s] DEBUG:colcon.colcon_parallel_executor.executor.parallel:closing loop
[1.403s] DEBUG:colcon.colcon_parallel_executor.executor.parallel:loop closed
[1.403s] DEBUG:colcon.colcon_parallel_executor.executor.parallel:run_until_complete finished with '2'
[1.403s] DEBUG:colcon.colcon_core.event_reactor:joining thread
[1.407s] INFO:colcon.colcon_core.plugin_system:Skipping extension 'colcon_notification.desktop_notification.terminal_notifier': Not used on non-Darwin systems
[1.407s] INFO:colcon.colcon_core.plugin_system:Skipping extension 'colcon_notification.desktop_notification.win32': Not used on non-Windows systems
[1.407s] INFO:colcon.colcon_notification.desktop_notification:Sending desktop notification using 'notify2'
[1.416s] DEBUG:colcon.colcon_core.event_reactor:joined thread
[1.416s] INFO:colcon.colcon_core.shell:Creating prefix script '/home/mona/main_ws/NPRPS_Ros/Camero_VRPN/install/local_setup.ps1'
[1.417s] INFO:colcon.colcon_core.shell:Creating prefix util module '/home/mona/main_ws/NPRPS_Ros/Camero_VRPN/install/_local_setup_util_ps1.py'
[1.419s] INFO:colcon.colcon_core.shell:Creating prefix chain script '/home/mona/main_ws/NPRPS_Ros/Camero_VRPN/install/setup.ps1'
[1.421s] INFO:colcon.colcon_core.shell:Creating prefix script '/home/mona/main_ws/NPRPS_Ros/Camero_VRPN/install/local_setup.sh'
[1.421s] INFO:colcon.colcon_core.shell:Creating prefix util module '/home/mona/main_ws/NPRPS_Ros/Camero_VRPN/install/_local_setup_util_sh.py'
[1.422s] INFO:colcon.colcon_core.shell:Creating prefix chain script '/home/mona/main_ws/NPRPS_Ros/Camero_VRPN/install/setup.sh'
[1.423s] INFO:colcon.colcon_core.shell:Creating prefix script '/home/mona/main_ws/NPRPS_Ros/Camero_VRPN/install/local_setup.bash'
[1.423s] INFO:colcon.colcon_core.shell:Creating prefix chain script '/home/mona/main_ws/NPRPS_Ros/Camero_VRPN/install/setup.bash'
[1.424s] INFO:colcon.colcon_core.shell:Creating prefix script '/home/mona/main_ws/NPRPS_Ros/Camero_VRPN/install/local_setup.zsh'
[1.424s] INFO:colcon.colcon_core.shell:Creating prefix chain script '/home/mona/main_ws/NPRPS_Ros/Camero_VRPN/install/setup.zsh'
