[0.008s] Invoking command in '/home/mona/main_ws/NPRPS_Ros/Camero_VRPN/build/Camero_VRPN': CMAKE_PREFIX_PATH=/opt/ros/galactic /usr/bin/cmake /home/mona/main_ws/NPRPS_Ros/Camero_VRPN -DCMAKE_INSTALL_PREFIX=/home/mona/main_ws/NPRPS_Ros/Camero_VRPN/install/Camero_VRPN
[0.049s] -- The C compiler identification is GNU 9.3.0
[0.088s] -- The CXX compiler identification is GNU 9.3.0
[0.093s] -- Check for working C compiler: /usr/bin/cc
[0.148s] -- Check for working C compiler: /usr/bin/cc -- works
[0.149s] -- Detecting C compiler ABI info
[0.200s] -- Detecting C compiler ABI info - done
[0.211s] -- Detecting C compile features
[0.211s] -- Detecting C compile features - done
[0.213s] -- Check for working CXX compiler: /usr/bin/c++
[0.271s] -- Check for working CXX compiler: /usr/bin/c++ -- works
[0.272s] -- Detecting CXX compiler ABI info
[0.330s] -- Detecting CXX compiler ABI info - done
[0.338s] -- Detecting CXX compile features
[0.339s] -- Detecting CXX compile features - done
[0.340s] -- Found ament_cmake: 1.1.4 (/opt/ros/galactic/share/ament_cmake/cmake)
[0.355s] -- Found PythonInterp: /usr/bin/python3 (found suitable version "3.8.10", minimum required is "3") 
[0.355s] -- Using PYTHON_EXECUTABLE: /usr/bin/python3
[0.407s] -- Found rclcpp: 9.2.0 (/opt/ros/galactic/share/rclcpp/cmake)
[0.433s] -- Using all available rosidl_typesupport_c: rosidl_typesupport_fastrtps_c;rosidl_typesupport_introspection_c
[0.436s] -- Found rosidl_adapter: 2.2.1 (/opt/ros/galactic/share/rosidl_adapter/cmake)
[0.494s] -- Found OpenSSL: /usr/lib/x86_64-linux-gnu/libcrypto.so (found version "1.1.1f")  
[0.519s] -- Found FastRTPS: /opt/ros/galactic/include  
[0.571s] -- Using all available rosidl_typesupport_cpp: rosidl_typesupport_fastrtps_cpp;rosidl_typesupport_introspection_cpp
[0.605s] -- Found rmw_implementation_cmake: 3.3.1 (/opt/ros/galactic/share/rmw_implementation_cmake/cmake)
[0.607s] -- Found rmw_cyclonedds_cpp: 0.22.3 (/opt/ros/galactic/share/rmw_cyclonedds_cpp/cmake)
[0.618s] -- Using RMW implementation 'rmw_cyclonedds_cpp' as default
[0.618s] -- Looking for pthread.h
[0.673s] -- Looking for pthread.h - found
[0.673s] -- Performing Test CMAKE_HAVE_LIBC_PTHREAD
[0.729s] -- Performing Test CMAKE_HAVE_LIBC_PTHREAD - Failed
[0.729s] -- Looking for pthread_create in pthreads
[0.771s] -- Looking for pthread_create in pthreads - not found
[0.771s] -- Looking for pthread_create in pthread
[0.826s] -- Looking for pthread_create in pthread - found
[0.827s] -- Found Threads: TRUE  
[0.921s] -- Found geometry_msgs: 2.2.3 (/opt/ros/galactic/share/geometry_msgs/cmake)
[0.947s] CMake Error at CMakeLists.txt:12 (find_package):
[0.947s]   By not providing "FindwiringPi.cmake" in CMAKE_MODULE_PATH this project has
[0.947s]   asked CMake to find a package configuration file provided by "wiringPi",
[0.947s]   but CMake did not find one.
[0.947s] 
[0.947s]   Could not find a package configuration file provided by "wiringPi" with any
[0.947s]   of the following names:
[0.948s] 
[0.948s]     wiringPiConfig.cmake
[0.948s]     wiringpi-config.cmake
[0.948s] 
[0.948s]   Add the installation prefix of "wiringPi" to CMAKE_PREFIX_PATH or set
[0.948s]   "wiringPi_DIR" to a directory containing one of the above files.  If
[0.948s]   "wiringPi" provides a separate development package or SDK, be sure it has
[0.948s]   been installed.
[0.948s] 
[0.948s] 
[0.948s] -- Configuring incomplete, errors occurred!
[0.948s] See also "/home/mona/main_ws/NPRPS_Ros/Camero_VRPN/build/Camero_VRPN/CMakeFiles/CMakeOutput.log".
[0.949s] See also "/home/mona/main_ws/NPRPS_Ros/Camero_VRPN/build/Camero_VRPN/CMakeFiles/CMakeError.log".
[0.953s] Invoked command in '/home/mona/main_ws/NPRPS_Ros/Camero_VRPN/build/Camero_VRPN' returned '1': CMAKE_PREFIX_PATH=/opt/ros/galactic /usr/bin/cmake /home/mona/main_ws/NPRPS_Ros/Camero_VRPN -DCMAKE_INSTALL_PREFIX=/home/mona/main_ws/NPRPS_Ros/Camero_VRPN/install/Camero_VRPN
