[1.390s] DEBUG:colcon:Command line arguments: ['/usr/bin/colcon', 'build', '--parallel-workers', '4']
[1.390s] DEBUG:colcon:Parsed command line arguments: Namespace(ament_cmake_args=None, base_paths=['.'], build_base='build', catkin_cmake_args=None, catkin_skip_building_tests=False, cmake_args=None, cmake_clean_cache=False, cmake_clean_first=False, cmake_force_configure=False, cmake_target=None, cmake_target_skip_unavailable=False, continue_on_error=False, event_handlers=None, executor='parallel', ignore_user_meta=False, install_base='install', log_base=None, log_level=None, main=<bound method BuildVerb.main of <colcon_core.verb.build.BuildVerb object at 0xffffa7926760>>, merge_install=False, metas=['./colcon.meta'], packages_above=None, packages_above_and_dependencies=None, packages_above_depth=None, packages_end=None, packages_ignore=None, packages_ignore_regex=None, packages_select=None, packages_select_build_failed=False, packages_select_by_dep=None, packages_select_regex=None, packages_select_test_failures=False, packages_skip=None, packages_skip_build_finished=False, packages_skip_by_dep=None, packages_skip_regex=None, packages_skip_test_passed=False, packages_skip_up_to=None, packages_start=None, packages_up_to=None, packages_up_to_regex=None, parallel_workers=4, paths=None, symlink_install=False, test_result_base=None, verb_extension=<colcon_core.verb.build.BuildVerb object at 0xffffa7926760>, verb_name='build', verb_parser=<colcon_defaults.argument_parser.defaults.DefaultArgumentsDecorator object at 0xffffa7926cd0>)
[1.430s] Level 1:colcon.colcon_core.package_discovery:discover_packages(colcon_meta) check parameters
[1.430s] Level 1:colcon.colcon_core.package_discovery:discover_packages(recursive) check parameters
[1.430s] Level 1:colcon.colcon_core.package_discovery:discover_packages(ignore) check parameters
[1.431s] Level 1:colcon.colcon_core.package_discovery:discover_packages(path) check parameters
[1.431s] Level 1:colcon.colcon_core.package_discovery:discover_packages(colcon_meta) discover
[1.431s] Level 1:colcon.colcon_core.package_discovery:discover_packages(recursive) discover
[1.431s] INFO:colcon.colcon_core.package_discovery:Crawling recursively for packages in '/home/ubuntu/NPRPS_Ros/Camero_VRPN'
[1.432s] Level 1:colcon.colcon_core.package_identification:_identify(.) by extensions ['ignore', 'ignore_ament_install']
[1.432s] Level 1:colcon.colcon_core.package_identification:_identify(.) by extension 'ignore'
[1.433s] Level 1:colcon.colcon_core.package_identification:_identify(.) by extension 'ignore_ament_install'
[1.433s] Level 1:colcon.colcon_core.package_identification:_identify(.) by extensions ['colcon_pkg']
[1.433s] Level 1:colcon.colcon_core.package_identification:_identify(.) by extension 'colcon_pkg'
[1.434s] Level 1:colcon.colcon_core.package_identification:_identify(.) by extensions ['colcon_meta']
[1.434s] Level 1:colcon.colcon_core.package_identification:_identify(.) by extension 'colcon_meta'
[1.434s] Level 1:colcon.colcon_core.package_identification:_identify(.) by extensions ['ros']
[1.434s] Level 1:colcon.colcon_core.package_identification:_identify(.) by extension 'ros'
[1.522s] DEBUG:colcon.colcon_core.package_identification:Package '.' with type 'ros.ament_cmake' and name 'Camero_VRPN'
[1.522s] Level 1:colcon.colcon_core.package_discovery:discover_packages(recursive) using defaults
[1.522s] Level 1:colcon.colcon_core.package_discovery:discover_packages(ignore) discover
[1.523s] Level 1:colcon.colcon_core.package_discovery:discover_packages(ignore) using defaults
[1.523s] Level 1:colcon.colcon_core.package_discovery:discover_packages(path) discover
[1.523s] Level 1:colcon.colcon_core.package_discovery:discover_packages(path) using defaults
[1.620s] Level 5:colcon.colcon_core.verb:set package 'Camero_VRPN' build argument 'cmake_args' from command line to 'None'
[1.620s] Level 5:colcon.colcon_core.verb:set package 'Camero_VRPN' build argument 'cmake_target' from command line to 'None'
[1.620s] Level 5:colcon.colcon_core.verb:set package 'Camero_VRPN' build argument 'cmake_target_skip_unavailable' from command line to 'False'
[1.620s] Level 5:colcon.colcon_core.verb:set package 'Camero_VRPN' build argument 'cmake_clean_cache' from command line to 'False'
[1.621s] Level 5:colcon.colcon_core.verb:set package 'Camero_VRPN' build argument 'cmake_clean_first' from command line to 'False'
[1.621s] Level 5:colcon.colcon_core.verb:set package 'Camero_VRPN' build argument 'cmake_force_configure' from command line to 'False'
[1.621s] Level 5:colcon.colcon_core.verb:set package 'Camero_VRPN' build argument 'ament_cmake_args' from command line to 'None'
[1.621s] Level 5:colcon.colcon_core.verb:set package 'Camero_VRPN' build argument 'catkin_cmake_args' from command line to 'None'
[1.621s] Level 5:colcon.colcon_core.verb:set package 'Camero_VRPN' build argument 'catkin_skip_building_tests' from command line to 'False'
[1.622s] DEBUG:colcon.colcon_core.verb:Building package 'Camero_VRPN' with the following arguments: {'ament_cmake_args': None, 'build_base': '/home/ubuntu/NPRPS_Ros/Camero_VRPN/build/Camero_VRPN', 'catkin_cmake_args': None, 'catkin_skip_building_tests': False, 'cmake_args': None, 'cmake_clean_cache': False, 'cmake_clean_first': False, 'cmake_force_configure': False, 'cmake_target': None, 'cmake_target_skip_unavailable': False, 'install_base': '/home/ubuntu/NPRPS_Ros/Camero_VRPN/install/Camero_VRPN', 'merge_install': False, 'path': '/home/ubuntu/NPRPS_Ros/Camero_VRPN', 'symlink_install': False, 'test_result_base': None}
[1.623s] INFO:colcon.colcon_core.executor:Executing jobs using 'parallel' executor
[1.631s] DEBUG:colcon.colcon_parallel_executor.executor.parallel:run_until_complete
[1.632s] INFO:colcon.colcon_ros.task.ament_cmake.build:Building ROS package in '/home/ubuntu/NPRPS_Ros/Camero_VRPN' with build type 'ament_cmake'
[1.633s] INFO:colcon.colcon_cmake.task.cmake.build:Building CMake package in '/home/ubuntu/NPRPS_Ros/Camero_VRPN'
[1.662s] INFO:colcon.colcon_core.plugin_system:Skipping extension 'colcon_core.shell.bat': Not used on non-Windows systems
[1.663s] INFO:colcon.colcon_core.shell:Skip shell extension 'powershell' for command environment: Not usable outside of PowerShell
[1.663s] DEBUG:colcon.colcon_core.shell:Skip shell extension 'dsv' for command environment
[1.709s] DEBUG:colcon.colcon_core.event_handler.log_command:Invoking command in '/home/ubuntu/NPRPS_Ros/Camero_VRPN/build/Camero_VRPN': /usr/bin/cmake --build /home/ubuntu/NPRPS_Ros/Camero_VRPN/build/Camero_VRPN -- -j4 -l4
[19.338s] DEBUG:colcon.colcon_core.event_handler.log_command:Invoked command in '/home/ubuntu/NPRPS_Ros/Camero_VRPN/build/Camero_VRPN' returned '2': /usr/bin/cmake --build /home/ubuntu/NPRPS_Ros/Camero_VRPN/build/Camero_VRPN -- -j4 -l4
[19.447s] Level 1:colcon.colcon_core.environment:create_environment_scripts_only(Camero_VRPN)
[19.479s] Level 1:colcon.colcon_core.environment:checking '/home/ubuntu/NPRPS_Ros/Camero_VRPN/install/Camero_VRPN' for CMake module files
[19.483s] Level 1:colcon.colcon_core.environment:checking '/home/ubuntu/NPRPS_Ros/Camero_VRPN/install/Camero_VRPN' for CMake config files
[19.485s] Level 1:colcon.colcon_core.shell:create_environment_hook('Camero_VRPN', 'cmake_prefix_path')
[19.487s] INFO:colcon.colcon_core.shell:Creating environment hook '/home/ubuntu/NPRPS_Ros/Camero_VRPN/install/Camero_VRPN/share/Camero_VRPN/hook/cmake_prefix_path.ps1'
[19.491s] INFO:colcon.colcon_core.shell:Creating environment descriptor '/home/ubuntu/NPRPS_Ros/Camero_VRPN/install/Camero_VRPN/share/Camero_VRPN/hook/cmake_prefix_path.dsv'
[19.504s] INFO:colcon.colcon_core.shell:Creating environment hook '/home/ubuntu/NPRPS_Ros/Camero_VRPN/install/Camero_VRPN/share/Camero_VRPN/hook/cmake_prefix_path.sh'
[19.510s] Level 1:colcon.colcon_core.environment:checking '/home/ubuntu/NPRPS_Ros/Camero_VRPN/install/Camero_VRPN/lib'
[19.511s] Level 1:colcon.colcon_core.environment:checking '/home/ubuntu/NPRPS_Ros/Camero_VRPN/install/Camero_VRPN/bin'
[19.512s] Level 1:colcon.colcon_core.environment:checking '/home/ubuntu/NPRPS_Ros/Camero_VRPN/install/Camero_VRPN/lib/pkgconfig/Camero_VRPN.pc'
[19.512s] Level 1:colcon.colcon_core.environment:checking '/home/ubuntu/NPRPS_Ros/Camero_VRPN/install/Camero_VRPN/lib/python3.8/site-packages'
[19.515s] INFO:colcon.colcon_core.shell:Creating package script '/home/ubuntu/NPRPS_Ros/Camero_VRPN/install/Camero_VRPN/share/Camero_VRPN/package.ps1'
[19.520s] INFO:colcon.colcon_core.shell:Creating package descriptor '/home/ubuntu/NPRPS_Ros/Camero_VRPN/install/Camero_VRPN/share/Camero_VRPN/package.dsv'
[19.524s] INFO:colcon.colcon_core.shell:Creating package script '/home/ubuntu/NPRPS_Ros/Camero_VRPN/install/Camero_VRPN/share/Camero_VRPN/package.sh'
[19.528s] INFO:colcon.colcon_core.shell:Creating package script '/home/ubuntu/NPRPS_Ros/Camero_VRPN/install/Camero_VRPN/share/Camero_VRPN/package.bash'
[19.533s] INFO:colcon.colcon_core.shell:Creating package script '/home/ubuntu/NPRPS_Ros/Camero_VRPN/install/Camero_VRPN/share/Camero_VRPN/package.zsh'
[19.538s] Level 1:colcon.colcon_core.environment:create_file_with_runtime_dependencies(/home/ubuntu/NPRPS_Ros/Camero_VRPN/install/Camero_VRPN/share/colcon-core/packages/Camero_VRPN)
[19.550s] DEBUG:colcon.colcon_parallel_executor.executor.parallel:closing loop
[19.550s] DEBUG:colcon.colcon_parallel_executor.executor.parallel:loop closed
[19.551s] DEBUG:colcon.colcon_parallel_executor.executor.parallel:run_until_complete finished with '2'
[19.551s] DEBUG:colcon.colcon_core.event_reactor:joining thread
[19.580s] INFO:colcon.colcon_core.plugin_system:Skipping extension 'colcon_notification.desktop_notification.notify_send': Could not find 'notify-send'
[19.581s] INFO:colcon.colcon_core.plugin_system:Skipping extension 'colcon_notification.desktop_notification.terminal_notifier': Not used on non-Darwin systems
[19.581s] INFO:colcon.colcon_core.plugin_system:Skipping extension 'colcon_notification.desktop_notification.win32': Not used on non-Windows systems
[19.581s] INFO:colcon.colcon_notification.desktop_notification:Sending desktop notification using 'notify2'
[19.584s] DEBUG:colcon.colcon_notification.desktop_notification.notify2:Failed to initialize notify2: org.freedesktop.DBus.Error.ServiceUnknown: The name org.freedesktop.Notifications was not provided by any .service files
[19.584s] DEBUG:colcon.colcon_core.event_reactor:joined thread
[19.587s] INFO:colcon.colcon_core.shell:Creating prefix script '/home/ubuntu/NPRPS_Ros/Camero_VRPN/install/local_setup.ps1'
[19.591s] INFO:colcon.colcon_core.shell:Creating prefix util module '/home/ubuntu/NPRPS_Ros/Camero_VRPN/install/_local_setup_util_ps1.py'
[19.598s] INFO:colcon.colcon_core.shell:Creating prefix chain script '/home/ubuntu/NPRPS_Ros/Camero_VRPN/install/setup.ps1'
[19.609s] INFO:colcon.colcon_core.shell:Creating prefix script '/home/ubuntu/NPRPS_Ros/Camero_VRPN/install/local_setup.sh'
[19.612s] INFO:colcon.colcon_core.shell:Creating prefix util module '/home/ubuntu/NPRPS_Ros/Camero_VRPN/install/_local_setup_util_sh.py'
[19.615s] INFO:colcon.colcon_core.shell:Creating prefix chain script '/home/ubuntu/NPRPS_Ros/Camero_VRPN/install/setup.sh'
[19.624s] INFO:colcon.colcon_core.shell:Creating prefix script '/home/ubuntu/NPRPS_Ros/Camero_VRPN/install/local_setup.bash'
[19.627s] INFO:colcon.colcon_core.shell:Creating prefix chain script '/home/ubuntu/NPRPS_Ros/Camero_VRPN/install/setup.bash'
[19.635s] INFO:colcon.colcon_core.shell:Creating prefix script '/home/ubuntu/NPRPS_Ros/Camero_VRPN/install/local_setup.zsh'
[19.638s] INFO:colcon.colcon_core.shell:Creating prefix chain script '/home/ubuntu/NPRPS_Ros/Camero_VRPN/install/setup.zsh'
